Copyright 1986-2019 Xilinx, Inc. All Rights Reserved.
--------------------------------------------------------------------------------------
| Tool Version : Vivado v.2019.2 (win64) Build 2708876 Wed Nov  6 21:40:23 MST 2019
| Date         : Tue Dec 10 01:29:29 2019
| Host         : DESKTOP-KOEBDED running 64-bit major release  (build 9200)
| Command      : report_control_sets -verbose -file riscv_top_control_sets_placed.rpt
| Design       : riscv_top
| Device       : xc7a35t
--------------------------------------------------------------------------------------

Control Set Information

Table of Contents
-----------------
1. Summary
2. Histogram
3. Flip-Flop Distribution
4. Detailed Control Set Information

1. Summary
----------

+----------------------------------------------------------+-------+
|                          Status                          | Count |
+----------------------------------------------------------+-------+
| Total control sets                                       |   345 |
|    Minimum number of control sets                        |    52 |
|    Addition due to synthesis replication                 |     0 |
|    Addition due to physical synthesis replication        |   293 |
| Unused register locations in slices containing registers |  1204 |
+----------------------------------------------------------+-------+
* Control sets can be merged at opt_design using control_set_merge or merge_equivalent_drivers
** Run report_qor_suggestions for automated merging and remapping suggestions


2. Histogram
------------

+--------------------+-------+
|       Fanout       | Count |
+--------------------+-------+
| Total control sets |   345 |
| >= 0 to < 4        |   113 |
| >= 4 to < 6        |    86 |
| >= 6 to < 8        |    49 |
| >= 8 to < 10       |    30 |
| >= 10 to < 12      |     3 |
| >= 12 to < 14      |    33 |
| >= 14 to < 16      |     0 |
| >= 16              |    31 |
+--------------------+-------+
* Control sets can be remapped at either synth_design or opt_design


3. Flip-Flop Distribution
-------------------------

+--------------+-----------------------+------------------------+-----------------+--------------+
| Clock Enable | Synchronous Set/Reset | Asynchronous Set/Reset | Total Registers | Total Slices |
+--------------+-----------------------+------------------------+-----------------+--------------+
| No           | No                    | No                     |              17 |           14 |
| No           | No                    | Yes                    |              46 |           27 |
| No           | Yes                   | No                     |             604 |          196 |
| Yes          | No                    | No                     |              90 |           26 |
| Yes          | No                    | Yes                    |              34 |           14 |
| Yes          | Yes                   | No                     |            1653 |          764 |
+--------------+-----------------------+------------------------+-----------------+--------------+


4. Detailed Control Set Information
-----------------------------------

+-------------------------+---------------------------------------------------------------------+-----------------------------------------------------+------------------+----------------+
|       Clock Signal      |                            Enable Signal                            |                   Set/Reset Signal                  | Slice Load Count | Bel Load Count |
+-------------------------+---------------------------------------------------------------------+-----------------------------------------------------+------------------+----------------+
|  clk_inst/inst/clk_out4 | cpu0/mem_wb0/wb_rd_addr_reg[0]_1[0]                                 | rst_repN_2                                          |                1 |              1 |
|  clk_inst/inst/clk_out4 | cpu0/mem_wb0/wb_rd_addr_reg[1]_6[0]                                 | rst_repN_6                                          |                1 |              1 |
|  clk_inst/inst/clk_out4 | cpu0/mem_wb0/wb_rd_addr_reg[2]_2[0]                                 | rst_repN_3                                          |                1 |              1 |
|  clk_inst/inst/clk_out4 | cpu0/mem_wb0/wb_rd_enable_reg_8[0]                                  | rst_repN_8                                          |                1 |              1 |
|  clk_inst/inst/clk_out4 | cpu0/mem_wb0/wb_rd_addr_reg[2]_2[0]                                 | rst_repN_13                                         |                1 |              1 |
|  clk_inst/inst/clk_out4 | cpu0/mem_wb0/wb_rd_enable_reg_8[0]                                  | rst_repN_6                                          |                1 |              1 |
|  clk_inst/inst/clk_out4 | cpu0/mem_wb0/wb_rd_addr_reg[2]_6[0]                                 | rst_repN_6                                          |                1 |              1 |
|  clk_inst/inst/clk_out4 | cpu0/mem_wb0/wb_rd_addr_reg[1]_3[0]                                 | rst_repN_3                                          |                1 |              1 |
|  clk_inst/inst/clk_out4 | cpu0/mem_wb0/wb_rd_addr_reg[0]_3[0]                                 | rst_repN_8                                          |                1 |              1 |
|  clk_inst/inst/clk_out4 | cpu0/mem_wb0/wb_rd_addr_reg[2]_1[0]                                 | rst_repN_3                                          |                1 |              1 |
|  clk_inst/inst/clk_out4 | cpu0/mem_wb0/wb_rd_addr_reg[1]_3[0]                                 | rst_repN_2                                          |                1 |              1 |
|  clk_inst/inst/clk_out4 | cpu0/mem_wb0/wb_rd_addr_reg[0]_2[0]                                 | rst_repN_6                                          |                1 |              1 |
|  clk_inst/inst/clk_out4 | cpu0/mem_wb0/wb_rd_enable_reg_7[0]                                  | rst_repN_3                                          |                1 |              1 |
|  clk_inst/inst/clk_out4 | cpu0/mem_wb0/wb_rd_addr_reg[2]_8[0]                                 | rst_repN_8                                          |                1 |              1 |
|  clk_inst/inst/clk_out4 | cpu0/mem_wb0/wb_rd_enable_reg_5[0]                                  | rst_repN_2                                          |                1 |              1 |
|  clk_inst/inst/clk_out4 | cpu0/mem_ctrl0/rst_reg_0[0]                                         | rst_repN_2                                          |                1 |              1 |
|  clk_inst/inst/clk_out4 | cpu0/mem_ctrl0/rst_reg_0[0]                                         | rst_repN                                            |                1 |              1 |
|  clk_inst/inst/clk_out4 | cpu0/mem_wb0/wb_rd_enable_reg_6[0]                                  | rst_repN_6                                          |                1 |              1 |
|  clk_inst/inst/clk_out4 | cpu0/mem_wb0/wb_rd_addr_reg[1]_1[0]                                 | rst_repN_3                                          |                1 |              1 |
|  clk_inst/inst/clk_out4 | cpu0/mem_wb0/wb_rd_addr_reg[0]_0[0]                                 | rst_repN_3                                          |                1 |              1 |
|  clk_inst/inst/clk_out4 | cpu0/mem_wb0/wb_rd_addr_reg[1]_3[0]                                 | rst_repN_6                                          |                1 |              1 |
|  clk_inst/inst/clk_out4 | cpu0/mem_wb0/wb_rd_addr_reg[1]_1[0]                                 | rst_repN_8                                          |                1 |              1 |
|  clk_inst/inst/clk_out4 | cpu0/mem_wb0/wb_rd_enable_reg_1[0]                                  | rst_repN_3                                          |                1 |              1 |
|  clk_inst/inst/clk_out4 | cpu0/mem_wb0/wb_rd_enable_reg_6[0]                                  | rst_repN_2                                          |                1 |              1 |
|  clk_inst/inst/clk_out4 | cpu0/mem_wb0/wb_rd_addr_reg[2]_4[0]                                 | rst_repN_6                                          |                1 |              1 |
|  clk_inst/inst/clk_out4 | cpu0/mem_wb0/wb_rd_addr_reg[2]_0[0]                                 | rst                                                 |                1 |              1 |
|  clk_inst/inst/clk_out4 | cpu0/mem_wb0/wb_rd_addr_reg[2]_7[0]                                 | rst_repN_2                                          |                1 |              1 |
|  clk_inst/inst/clk_out4 | cpu0/mem_wb0/wb_rd_addr_reg[2]_0[0]                                 | rst_repN_3                                          |                1 |              1 |
|  clk_inst/inst/clk_out4 | cpu0/mem_wb0/wb_rd_addr_reg[2]_3[0]                                 | rst_repN_6                                          |                1 |              1 |
|  clk_inst/inst/clk_out4 | cpu0/mem_wb0/wb_rd_enable_reg_5[0]                                  | rst_repN_3                                          |                1 |              1 |
|  clk_inst/inst/clk_out4 | cpu0/mem_wb0/E[0]                                                   | rst_repN_3                                          |                1 |              1 |
|  clk_inst/inst/clk_out4 | cpu0/mem_wb0/wb_rd_enable_reg_3[0]                                  | rst_repN_3                                          |                1 |              1 |
|  clk_inst/inst/clk_out4 | cpu0/mem_wb0/wb_rd_enable_reg_2[0]                                  | rst_repN_3                                          |                1 |              1 |
|  clk_inst/inst/clk_out4 | cpu0/mem_wb0/wb_rd_enable_reg_5[0]                                  | rst_repN_8                                          |                1 |              1 |
|  clk_inst/inst/clk_out4 | cpu0/mem_wb0/wb_rd_addr_reg[0]_0[0]                                 | rst                                                 |                1 |              1 |
|  clk_inst/inst/clk_out4 | cpu0/mem_wb0/wb_rd_addr_reg[1]_2[0]                                 | rst                                                 |                1 |              1 |
|  clk_inst/inst/clk_out4 | cpu0/mem_wb0/wb_rd_addr_reg[1]_4[0]                                 | rst_repN_2                                          |                1 |              1 |
|  clk_inst/inst/clk_out4 | cpu0/mem_wb0/wb_rd_addr_reg[1]_4[0]                                 | rst_repN_3                                          |                1 |              1 |
|  clk_inst/inst/clk_out4 | cpu0/mem_wb0/wb_rd_enable_reg_4[0]                                  | rst_repN_3                                          |                1 |              1 |
|  clk_inst/inst/clk_out4 | cpu0/mem_wb0/wb_rd_addr_reg[1]_4[0]                                 | rst_repN_8                                          |                1 |              1 |
|  clk_inst/inst/clk_out4 | cpu0/mem_wb0/wb_rd_addr_reg[2]_7[0]                                 | rst_repN_8                                          |                1 |              1 |
|  clk_inst/inst/clk_out4 | cpu0/mem_wb0/wb_rd_enable_reg_3[0]                                  | rst_repN_13                                         |                1 |              1 |
|  clk_inst/inst/clk_out4 | cpu0/mem_wb0/wb_rd_addr_reg[3]_0[0]                                 | rst_repN_3                                          |                1 |              1 |
|  clk_inst/inst/clk_out4 | cpu0/mem_wb0/wb_rd_addr_reg[1]_5[0]                                 | rst_repN_6                                          |                1 |              1 |
|  clk_inst/inst/clk_out4 | hci0/uart_blk/uart_tx_blk/d_baud_clk_tick_cnt                       | rst_repN_9                                          |                1 |              1 |
|  clk_inst/inst/clk_out4 | cpu0/mem_wb0/wb_rd_enable_reg_3[0]                                  | rst_repN_8                                          |                1 |              1 |
|  clk_inst/inst/clk_out4 | cpu0/mem_wb0/wb_rd_addr_reg[2]_8[0]                                 | rst_repN_2                                          |                1 |              1 |
|  clk_inst/inst/clk_out4 | hci0/io_in_fifo/wr_en_prot                                          | rst_repN_11                                         |                1 |              2 |
|  clk_inst/inst/clk_out4 | cpu0/mem_wb0/wb_rd_addr_reg[0]_0[0]                                 | rst_repN_13                                         |                1 |              2 |
|  clk_inst/inst/clk_out4 | cpu0/mem_wb0/wb_rd_addr_reg[0]_1[0]                                 | rst_repN_8                                          |                2 |              2 |
|  clk_inst/inst/clk_out4 | cpu0/mem_wb0/wb_rd_enable_reg_8[0]                                  | rst_repN_3                                          |                1 |              2 |
|  clk_inst/inst/clk_out4 | cpu0/mem_wb0/E[0]                                                   | rst_repN_8                                          |                1 |              2 |
|  clk_inst/inst/clk_out4 | cpu0/mem_wb0/wb_rd_enable_reg_0[0]                                  | rst_repN_3                                          |                1 |              2 |
|  clk_inst/inst/clk_out4 | cpu0/mem_wb0/wb_rd_addr_reg[1]_2[0]                                 | rst_repN_8                                          |                2 |              2 |
|  clk_inst/inst/clk_out4 | cpu0/mem_wb0/wb_rd_enable_reg_7[0]                                  | rst_repN_7                                          |                2 |              2 |
|  clk_inst/inst/clk_out4 | cpu0/mem_wb0/wb_rd_addr_reg[1]_5[0]                                 | rst_repN_3                                          |                1 |              2 |
|  clk_inst/inst/clk_out4 | cpu0/mem_wb0/wb_rd_enable_reg_6[0]                                  | rst_repN_1                                          |                2 |              2 |
|  clk_inst/inst/clk_out4 | cpu0/mem_wb0/wb_rd_enable_reg_0[0]                                  | rst_repN_13                                         |                1 |              2 |
|  clk_inst/inst/clk_out4 | cpu0/mem_wb0/wb_rd_enable_reg_0[0]                                  | rst_repN_1                                          |                1 |              2 |
|  clk_inst/inst/clk_out4 | cpu0/mem_wb0/wb_rd_enable_reg_2[0]                                  | rst_repN_8                                          |                1 |              2 |
|  clk_inst/inst/clk_out4 | cpu0/mem_wb0/wb_rd_addr_reg[1]_0[0]                                 | rst_repN_8                                          |                1 |              2 |
|  clk_inst/inst/clk_out4 | cpu0/mem_wb0/wb_rd_enable_reg_2[0]                                  | rst_repN_13                                         |                1 |              2 |
|  clk_inst/inst/clk_out4 | cpu0/mem_wb0/wb_rd_enable_reg_4[0]                                  | rst_repN_13                                         |                1 |              2 |
|  clk_inst/inst/clk_out4 | cpu0/mem_wb0/wb_rd_addr_reg[2]_3[0]                                 | rst_repN_2                                          |                1 |              2 |
|  clk_inst/inst/clk_out4 | cpu0/mem_wb0/wb_rd_addr_reg[1]_4[0]                                 | rst_repN_4                                          |                1 |              2 |
|  clk_inst/inst/clk_out4 | cpu0/mem_wb0/wb_rd_addr_reg[2]_7[0]                                 | rst_repN_1                                          |                2 |              2 |
|  clk_inst/inst/clk_out4 | cpu0/mem_wb0/wb_rd_addr_reg[2]_4[0]                                 | rst_repN_3                                          |                2 |              2 |
|  clk_inst/inst/clk_out4 | cpu0/mem_wb0/wb_rd_addr_reg[0]_3[0]                                 | rst_repN_3                                          |                1 |              2 |
|  clk_inst/inst/clk_out4 | cpu0/mem_wb0/wb_rd_addr_reg[2]_7[0]                                 | rst_repN_3                                          |                2 |              2 |
|  clk_inst/inst/clk_out4 | cpu0/mem_wb0/wb_rd_addr_reg[0]_0[0]                                 | rst_repN_8                                          |                1 |              2 |
|  clk_inst/inst/clk_out4 | cpu0/mem_wb0/wb_rd_addr_reg[3]_0[0]                                 | rst_repN_13                                         |                1 |              2 |
|  clk_inst/inst/clk_out4 | cpu0/mem_wb0/wb_rd_addr_reg[2]_5[0]                                 | rst_repN_3                                          |                2 |              2 |
|  clk_inst/inst/clk_out4 | cpu0/mem_wb0/wb_rd_addr_reg[2]_5[0]                                 | rst_repN_8                                          |                2 |              2 |
|  clk_inst/inst/clk_out4 | cpu0/mem_wb0/wb_rd_addr_reg[2]_2[0]                                 | rst_repN_7                                          |                1 |              2 |
|  clk_inst/inst/clk_out4 | cpu0/mem_wb0/wb_rd_addr_reg[2]_3[0]                                 | rst_repN_3                                          |                2 |              2 |
|  clk_inst/inst/clk_out4 | cpu0/mem_wb0/wb_rd_addr_reg[3]_0[0]                                 | rst_repN_8                                          |                2 |              2 |
|  clk_inst/inst/clk_out4 | cpu0/mem_wb0/wb_rd_addr_reg[2]_1[0]                                 | rst_repN_13                                         |                1 |              2 |
|  clk_inst/inst/clk_out4 | cpu0/mem_wb0/wb_rd_addr_reg[2]_1[0]                                 | rst_repN_8                                          |                1 |              2 |
|  clk_inst/inst/clk_out4 | cpu0/mem_wb0/wb_rd_addr_reg[1]_2[0]                                 | rst_repN                                            |                2 |              2 |
|  clk_inst/inst/clk_out4 | cpu0/mem_wb0/wb_rd_addr_reg[1]_2[0]                                 | rst_repN_3                                          |                2 |              2 |
|  clk_inst/inst/clk_out4 | cpu0/mem_wb0/wb_rd_addr_reg[1]_1[0]                                 | rst_repN_13                                         |                1 |              2 |
|  clk_inst/inst/clk_out4 | hci0/uart_blk/uart_tx_fifo/q_empty_reg_0                            | rst_repN_10                                         |                1 |              2 |
|  clk_inst/inst/clk_out4 | hci0/uart_blk/uart_tx_fifo/q_decode_cnt_reg[0]                      | rst_repN_10                                         |                2 |              2 |
|  clk_inst/inst/clk_out4 | cpu0/mem_wb0/wb_rd_enable_reg_8[0]                                  | rst_repN_4                                          |                1 |              3 |
|  clk_inst/inst/clk_out4 | cpu0/mem_wb0/wb_rd_enable_reg_7[0]                                  | rst_repN_8                                          |                3 |              3 |
|  clk_inst/inst/clk_out4 | cpu0/mem_wb0/wb_rd_enable_reg_7[0]                                  | rst_repN_13                                         |                1 |              3 |
|  clk_inst/inst/clk_out4 | cpu0/mem_wb0/wb_rd_addr_reg[2]_8[0]                                 | rst_repN_14                                         |                1 |              3 |
|  clk_inst/inst/clk_out4 | cpu0/mem_wb0/wb_rd_addr_reg[1]_0[0]                                 | rst_repN_7                                          |                1 |              3 |
|  clk_inst/inst/clk_out4 | cpu0/mem_wb0/wb_rd_addr_reg[0]_1[0]                                 | rst_repN_7                                          |                2 |              3 |
|  clk_inst/inst/clk_out4 | cpu0/mem_wb0/E[0]                                                   | rst_repN                                            |                2 |              3 |
|  clk_inst/inst/clk_out4 | cpu0/mem_wb0/wb_rd_enable_reg_2[0]                                  | rst_repN_7                                          |                3 |              3 |
|  clk_inst/inst/clk_out4 | cpu0/mem_wb0/wb_rd_addr_reg[2]_4[0]                                 | rst_repN_14                                         |                2 |              3 |
|  clk_inst/inst/clk_out4 | cpu0/mem_wb0/wb_rd_addr_reg[1]_5[0]                                 | rst_repN_14                                         |                3 |              3 |
|  clk_inst/inst/clk_out4 | cpu0/mem_wb0/wb_rd_addr_reg[2]_5[0]                                 | rst_repN_1                                          |                3 |              3 |
|  clk_inst/inst/clk_out4 | cpu0/mem_wb0/wb_rd_enable_reg_0[0]                                  | rst_repN_8                                          |                1 |              3 |
|  clk_inst/inst/clk_out4 | cpu0/mem_wb0/wb_rd_addr_reg[2]_8[0]                                 | rst_repN_1                                          |                1 |              3 |
|  clk_inst/inst/clk_out4 | cpu0/mem_wb0/wb_rd_addr_reg[0]_0[0]                                 | rst_repN                                            |                3 |              3 |
|  clk_inst/inst/clk_out4 | cpu0/mem_wb0/wb_rd_addr_reg[2]_7[0]                                 | rst_repN_7                                          |                3 |              3 |
|  clk_inst/inst/clk_out4 | cpu0/mem_wb0/wb_rd_enable_reg_3[0]                                  | rst_repN                                            |                1 |              3 |
|  clk_inst/inst/clk_out4 | cpu0/mem_wb0/wb_rd_enable_reg_5[0]                                  | rst_repN_7                                          |                3 |              3 |
|  clk_inst/inst/clk_out4 | cpu0/mem_wb0/wb_rd_addr_reg[0]_0[0]                                 | rst_repN_7                                          |                3 |              3 |
|  clk_inst/inst/clk_out4 | cpu0/mem_wb0/wb_rd_addr_reg[2]_8[0]                                 | rst_repN_3                                          |                2 |              3 |
|  clk_inst/inst/clk_out4 | cpu0/mem_wb0/wb_rd_addr_reg[0]_2[0]                                 | rst_repN                                            |                2 |              3 |
|  clk_inst/inst/clk_out4 | cpu0/mem_wb0/wb_rd_addr_reg[2]_2[0]                                 | rst_repN_8                                          |                1 |              3 |
|  clk_inst/inst/clk_out4 | cpu0/mem_wb0/wb_rd_enable_reg_1[0]                                  | rst_repN_1                                          |                3 |              3 |
|  clk_inst/inst/clk_out4 | cpu0/mem_wb0/wb_rd_addr_reg[0]_2[0]                                 | rst_repN_4                                          |                2 |              3 |
|  clk_inst/inst/clk_out4 | cpu0/mem_wb0/wb_rd_addr_reg[0]_2[0]                                 | rst_repN_3                                          |                1 |              3 |
|  clk_inst/inst/clk_out4 | cpu0/mem_wb0/wb_rd_enable_reg_1[0]                                  | rst_repN_13                                         |                1 |              3 |
|  clk_inst/inst/clk_out4 | cpu0/mem_wb0/wb_rd_addr_reg[1]_2[0]                                 | rst_repN_13                                         |                2 |              3 |
|  clk_inst/inst/clk_out4 | cpu0/mem_wb0/wb_rd_enable_reg_6[0]                                  | rst_repN_3                                          |                2 |              3 |
|  clk_inst/inst/clk_out4 | cpu0/mem_wb0/wb_rd_addr_reg[0]_3[0]                                 | rst_repN_14                                         |                2 |              3 |
|  clk_inst/inst/clk_out4 | cpu0/mem_wb0/wb_rd_enable_reg_8[0]                                  | rst_repN_7                                          |                1 |              3 |
|  clk_inst/inst/clk_out4 | hci0/uart_blk/uart_tx_blk/d_baud_clk_tick_cnt                       | rst_repN_10                                         |                1 |              3 |
|  clk_inst/inst/clk_out4 | cpu0/mem_wb0/wb_rd_addr_reg[1]_6[0]                                 | rst_repN_13                                         |                1 |              4 |
|  clk_inst/inst/clk_out4 | cpu0/mem_wb0/E[0]                                                   | rst_repN_7                                          |                2 |              4 |
|  clk_inst/inst/clk_out4 | cpu0/mem_wb0/wb_rd_addr_reg[1]_6[0]                                 | rst_repN_7                                          |                4 |              4 |
|  clk_inst/inst/clk_out4 | cpu0/mem_wb0/wb_rd_addr_reg[2]_4[0]                                 | rst_repN_4                                          |                3 |              4 |
|  clk_inst/inst/clk_out4 | cpu0/mem_wb0/wb_rd_addr_reg[2]_3[0]                                 | rst_repN_13                                         |                1 |              4 |
|  clk_inst/inst/clk_out4 | cpu0/mem_wb0/wb_rd_enable_reg_6[0]                                  | rst_repN_4                                          |                1 |              4 |
|  clk_inst/inst/clk_out4 | cpu0/mem_wb0/wb_rd_enable_reg_5[0]                                  | rst_repN_1                                          |                1 |              4 |
|  clk_inst/inst/clk_out4 | cpu0/mem_wb0/wb_rd_enable_reg_0[0]                                  | rst_repN_7                                          |                2 |              4 |
|  clk_inst/inst/clk_out4 | cpu0/mem_wb0/wb_rd_enable_reg_5[0]                                  | rst_repN_4                                          |                2 |              4 |
|  clk_inst/inst/clk_out4 | cpu0/mem_wb0/wb_rd_addr_reg[2]_0[0]                                 | rst_repN_7                                          |                3 |              4 |
|  clk_inst/inst/clk_out4 | cpu0/mem_wb0/wb_rd_addr_reg[3]_0[0]                                 | rst_repN                                            |                3 |              4 |
|  clk_inst/inst/clk_out4 | cpu0/mem_wb0/wb_rd_addr_reg[1]_6[0]                                 | rst_repN_3                                          |                1 |              4 |
|  clk_inst/inst/clk_out4 | cpu0/mem_wb0/wb_rd_addr_reg[2]_5[0]                                 | rst_repN_4                                          |                1 |              4 |
|  clk_inst/inst/clk_out4 | cpu0/mem_wb0/wb_rd_addr_reg[2]_6[0]                                 | rst_repN_4                                          |                1 |              4 |
|  clk_inst/inst/clk_out4 | cpu0/mem_wb0/wb_rd_addr_reg[2]_5[0]                                 | rst_repN_7                                          |                4 |              4 |
|  clk_inst/inst/clk_out4 | cpu0/mem_wb0/wb_rd_addr_reg[1]_6[0]                                 | rst_repN                                            |                2 |              4 |
|  clk_inst/inst/clk_out4 | cpu0/mem_wb0/wb_rd_enable_reg_0[0]                                  | rst_repN                                            |                3 |              4 |
|  clk_inst/inst/clk_out4 | cpu0/mem_wb0/wb_rd_addr_reg[0]_3[0]                                 | rst_repN_1                                          |                4 |              4 |
|  clk_inst/inst/clk_out4 | cpu0/mem_wb0/wb_rd_addr_reg[1]_3[0]                                 | rst_repN_14                                         |                3 |              4 |
|  clk_inst/inst/clk_out4 | cpu0/mem_wb0/wb_rd_addr_reg[0]_3[0]                                 | rst_repN_13                                         |                3 |              4 |
|  clk_inst/inst/clk_out4 | cpu0/mem_wb0/wb_rd_addr_reg[2]_3[0]                                 | rst_repN_4                                          |                4 |              4 |
|  clk_inst/inst/clk_out4 | cpu0/mem_wb0/wb_rd_addr_reg[2]_6[0]                                 | rst_repN_3                                          |                1 |              4 |
|  clk_inst/inst/clk_out4 | cpu0/mem_wb0/wb_rd_addr_reg[1]_2[0]                                 | rst_repN_4                                          |                1 |              4 |
|  clk_inst/inst/clk_out4 | cpu0/mem_wb0/wb_rd_enable_reg_4[0]                                  | rst_repN                                            |                3 |              4 |
|  clk_inst/inst/clk_out4 | cpu0/mem_wb0/wb_rd_addr_reg[1]_2[0]                                 | rst_repN_7                                          |                3 |              4 |
|  clk_inst/inst/clk_out4 | cpu0/mem_wb0/wb_rd_addr_reg[3]_0[0]                                 | rst_repN_7                                          |                1 |              4 |
|  clk_inst/inst/clk_out4 | cpu0/mem_wb0/wb_rd_addr_reg[1]_5[0]                                 | rst_repN_7                                          |                2 |              4 |
|  clk_inst/inst/clk_out4 | cpu0/mem_wb0/wb_rd_addr_reg[2]_1[0]                                 | rst_repN                                            |                2 |              4 |
|  clk_inst/inst/clk_out4 | cpu0/mem_wb0/wb_rd_addr_reg[1]_3[0]                                 | rst_repN_4                                          |                2 |              4 |
|  clk_inst/inst/clk_out4 | cpu0/mem_wb0/wb_rd_addr_reg[2]_3[0]                                 | rst_repN_1                                          |                1 |              4 |
|  clk_inst/inst/clk_out4 | cpu0/mem_wb0/wb_rd_addr_reg[2]_1[0]                                 | rst_repN_7                                          |                2 |              4 |
|  clk_inst/inst/clk_out4 | hci0/io_in_fifo/rd_en_prot                                          | rst_repN_11                                         |                1 |              4 |
|  clk_inst/inst/clk_out4 | cpu0/mem_wb0/wb_rd_addr_reg[1]_3[0]                                 | rst_repN_1                                          |                2 |              4 |
|  clk_inst/inst/clk_out4 | cpu0/mem_wb0/wb_rd_enable_reg_8[0]                                  | rst_repN                                            |                1 |              4 |
|  clk_inst/inst/clk_out4 | cpu0/mem_wb0/wb_rd_addr_reg[2]_6[0]                                 | rst_repN                                            |                2 |              4 |
|  clk_inst/inst/clk_out4 | cpu0/mem_wb0/wb_rd_addr_reg[1]_4[0]                                 | rst_repN_1                                          |                2 |              4 |
|  clk_inst/inst/clk_out4 | cpu0/mem_wb0/wb_rd_addr_reg[2]_6[0]                                 | rst_repN_14                                         |                1 |              4 |
|  clk_inst/inst/clk_out4 | cpu0/mem_wb0/wb_rd_enable_reg_6[0]                                  | rst_repN_14                                         |                2 |              4 |
|  clk_inst/inst/clk_out4 | cpu0/mem_wb0/wb_rd_addr_reg[1]_1[0]                                 | rst_repN_7                                          |                1 |              4 |
|  clk_inst/inst/clk_out4 | cpu0/mem_wb0/wb_rd_enable_reg_6[0]                                  | rst_repN_13                                         |                2 |              4 |
|  clk_inst/inst/clk_out4 | cpu0/mem_wb0/wb_rd_addr_reg[2]_6[0]                                 | rst_repN_13                                         |                2 |              4 |
|  clk_inst/inst/clk_out4 | cpu0/mem_wb0/wb_rd_addr_reg[3]_0[0]                                 | rst_repN_1                                          |                4 |              4 |
|  clk_inst/inst/clk_out4 | cpu0/mem_wb0/wb_rd_addr_reg[1]_4[0]                                 | rst_repN_7                                          |                3 |              4 |
|  clk_inst/inst/clk_out4 | hci0/uart_blk/uart_rx_blk/d_oversample_tick_cnt                     | rst_repN_9                                          |                2 |              4 |
|  clk_inst/inst/clk_out4 | cpu0/mem_wb0/wb_rd_addr_reg[1]_6[0]                                 | rst_repN_14                                         |                2 |              4 |
|  clk_inst/inst/clk_out4 | cpu0/mem_wb0/wb_rd_addr_reg[2]_7[0]                                 | rst_repN_13                                         |                1 |              4 |
|  clk_inst/inst/clk_out4 | cpu0/mem_wb0/wb_rd_addr_reg[0]_3[0]                                 | rst_repN_4                                          |                1 |              5 |
|  clk_inst/inst/clk_out4 | cpu0/mem_wb0/wb_rd_addr_reg[0]_3[0]                                 | rst_repN_7                                          |                5 |              5 |
|  clk_inst/inst/clk_out4 | cpu0/mem_wb0/wb_rd_enable_reg_3[0]                                  | rst_repN_7                                          |                2 |              5 |
|  clk_inst/inst/clk_out4 | cpu0/mem_wb0/wb_rd_enable_reg_4[0]                                  | rst_repN_14                                         |                2 |              5 |
|  clk_inst/inst/clk_out4 | cpu0/mem_wb0/wb_rd_addr_reg[2]_0[0]                                 | rst_repN_1                                          |                2 |              5 |
|  clk_inst/inst/clk_out4 | cpu0/mem_wb0/wb_rd_addr_reg[2]_0[0]                                 | rst_repN                                            |                2 |              5 |
|  clk_inst/inst/clk_out4 | cpu0/mem_wb0/wb_rd_enable_reg_5[0]                                  | rst_repN_13                                         |                2 |              5 |
|  clk_inst/inst/clk_out4 | cpu0/mem_wb0/wb_rd_addr_reg[1]_5[0]                                 | rst_repN                                            |                5 |              5 |
|  clk_inst/inst/clk_out4 | cpu0/mem_wb0/wb_rd_addr_reg[1]_5[0]                                 | rst_repN_4                                          |                2 |              5 |
|  clk_inst/inst/clk_out4 | cpu0/mem_wb0/wb_rd_addr_reg[2]_2[0]                                 | rst_repN                                            |                2 |              5 |
|  clk_inst/inst/clk_out4 | cpu0/mem_wb0/wb_rd_addr_reg[2]_1[0]                                 | rst_repN_1                                          |                3 |              5 |
|  clk_inst/inst/clk_out4 | cpu0/mem_wb0/wb_rd_addr_reg[1]_1[0]                                 | rst_repN_1                                          |                2 |              5 |
|  clk_inst/inst/clk_out4 | cpu0/mem_wb0/wb_rd_addr_reg[2]_7[0]                                 | rst_repN_4                                          |                2 |              5 |
|  clk_inst/inst/clk_out4 | cpu0/mem_wb0/wb_rd_addr_reg[2]_5[0]                                 | rst_repN_14                                         |                2 |              5 |
|  clk_inst/inst/clk_out4 | cpu0/mem_wb0/wb_rd_addr_reg[2]_6[0]                                 | rst_repN_7                                          |                3 |              5 |
|  clk_inst/inst/clk_out4 | cpu0/mem_wb0/wb_rd_addr_reg[1]_3[0]                                 | rst_repN_7                                          |                5 |              5 |
|  clk_inst/inst/clk_out4 | cpu0/mem_wb0/wb_rd_addr_reg[1]_3[0]                                 | rst_repN_13                                         |                1 |              5 |
|  clk_inst/inst/clk_out4 | cpu0/mem_wb0/wb_rd_addr_reg[1]_6[0]                                 | rst_repN_4                                          |                2 |              5 |
|  clk_inst/inst/clk_out4 | cpu0/mem_wb0/wb_rd_addr_reg[2]_3[0]                                 | rst_repN                                            |                2 |              5 |
|  clk_inst/inst/clk_out4 | cpu0/mem_wb0/wb_rd_addr_reg[2]_3[0]                                 | rst_repN_7                                          |                3 |              5 |
|  clk_inst/inst/clk_out4 | cpu0/mem_wb0/wb_rd_addr_reg[2]_3[0]                                 | rst_repN_14                                         |                2 |              5 |
|  clk_inst/inst/clk_out4 | cpu0/mem_wb0/wb_rd_addr_reg[2]_4[0]                                 | rst_repN                                            |                1 |              5 |
|  clk_inst/inst/clk_out4 | cpu0/mem_wb0/wb_rd_addr_reg[2]_4[0]                                 | rst_repN_7                                          |                5 |              5 |
|  clk_inst/inst/clk_out4 | cpu0/mem_wb0/wb_rd_addr_reg[2]_8[0]                                 | rst_repN                                            |                1 |              5 |
|  clk_inst/inst/clk_out4 | cpu0/mem_wb0/wb_rd_addr_reg[2]_8[0]                                 | rst_repN_4                                          |                2 |              5 |
|  clk_inst/inst/clk_out4 | cpu0/mem_wb0/wb_rd_addr_reg[2]_8[0]                                 | rst_repN_13                                         |                1 |              5 |
|  clk_inst/inst/clk_out4 | cpu0/mem_wb0/wb_rd_enable_reg_1[0]                                  | rst_repN                                            |                2 |              5 |
|  clk_inst/inst/clk_out4 | cpu0/mem_wb0/wb_rd_enable_reg_1[0]                                  | rst_repN_7                                          |                2 |              5 |
|  clk_inst/inst/clk_out4 | cpu0/mem_wb0/wb_rd_enable_reg_2[0]                                  | rst_repN                                            |                3 |              5 |
|  clk_inst/inst/clk_out4 | cpu0/mem_wb0/wb_rd_enable_reg_2[0]                                  | rst_repN_4                                          |                4 |              5 |
|  clk_inst/inst/clk_out4 | cpu0/mem_wb0/wb_rd_enable_reg_7[0]                                  | rst_repN_1                                          |                5 |              5 |
|  clk_inst/inst/clk_out4 | cpu0/mem_wb0/wb_rd_enable_reg_7[0]                                  | rst_repN                                            |                2 |              5 |
|  clk_inst/inst/clk_out4 | cpu0/mem_wb0/wb_rd_enable_reg_8[0]                                  | rst_repN_13                                         |                1 |              5 |
|  clk_inst/inst/clk_out4 | cpu0/mem_wb0/wb_rd_addr_reg[1]_0[0]                                 | rst_repN_1                                          |                1 |              5 |
|  clk_inst/inst/clk_out4 | cpu0/mem_wb0/wb_rd_addr_reg[1]_0[0]                                 | rst_repN                                            |                2 |              5 |
|  clk_inst/inst/clk_out4 | cpu0/mem_wb0/wb_rd_addr_reg[0]_1[0]                                 | rst_repN                                            |                2 |              5 |
|  clk_inst/inst/clk_out4 | hci0/uart_blk/uart_rx_blk/q_state[4]_i_1__0_n_0                     | rst_repN_9                                          |                2 |              5 |
|  clk_inst/inst/clk_out4 | cpu0/mem_wb0/wb_rd_addr_reg[0]_2[0]                                 | rst_repN_1                                          |                3 |              5 |
|  clk_inst/inst/clk_out4 | cpu0/mem_wb0/wb_rd_addr_reg[0]_2[0]                                 | rst_repN_13                                         |                3 |              5 |
|  clk_inst/inst/clk_out4 | hci0/uart_blk/uart_tx_blk/q_state[4]_i_1_n_0                        | rst_repN_9                                          |                2 |              5 |
|  clk_inst/inst/clk_out4 | cpu0/mem_wb0/wb_rd_addr_reg[2]_7[0]                                 | rst_repN_14                                         |                3 |              6 |
|  clk_inst/inst/clk_out4 | cpu0/mem_wb0/wb_rd_addr_reg[0]_0[0]                                 | rst_repN_14                                         |                2 |              6 |
|  clk_inst/inst/clk_out4 | cpu0/mem_wb0/wb_rd_enable_reg_5[0]                                  | rst_repN_14                                         |                4 |              6 |
|  clk_inst/inst/clk_out4 | cpu0/mem_wb0/wb_rd_addr_reg[1]_5[0]                                 | rst_repN_1                                          |                1 |              6 |
|  clk_inst/inst/clk_out4 | cpu0/mem_wb0/wb_rd_addr_reg[1]_1[0]                                 | rst_repN_14                                         |                1 |              6 |
|  clk_inst/inst/clk_out4 | cpu0/mem_wb0/wb_rd_addr_reg[1]_4[0]                                 | rst_repN_14                                         |                2 |              6 |
|  clk_inst/inst/clk_out4 | cpu0/mem_wb0/wb_rd_addr_reg[1]_4[0]                                 | rst_repN                                            |                3 |              6 |
|  clk_inst/inst/clk_out4 | cpu0/mem_wb0/wb_rd_addr_reg[2]_4[0]                                 | rst_repN_1                                          |                2 |              6 |
|  clk_inst/inst/clk_out4 | cpu0/mem_wb0/wb_rd_addr_reg[1]_1[0]                                 | rst_repN                                            |                2 |              6 |
|  clk_inst/inst/clk_out4 | cpu0/mem_wb0/wb_rd_enable_reg_2[0]                                  | rst_repN_1                                          |                2 |              6 |
|  clk_inst/inst/clk_out4 | cpu0/mem_wb0/wb_rd_addr_reg[3]_0[0]                                 | rst_repN_14                                         |                1 |              6 |
|  clk_inst/inst/clk_out4 | cpu0/mem_wb0/wb_rd_enable_reg_4[0]                                  | rst_repN_7                                          |                2 |              6 |
|  clk_inst/inst/clk_out4 | cpu0/mem_wb0/wb_rd_addr_reg[2]_2[0]                                 | rst_repN_1                                          |                2 |              6 |
|  clk_inst/inst/clk_out4 | cpu0/mem_wb0/wb_rd_addr_reg[2]_4[0]                                 | rst_repN_13                                         |                2 |              6 |
|  clk_inst/inst/clk_out4 | cpu0/mem_wb0/wb_rd_enable_reg_8[0]                                  | rst_repN_14                                         |                2 |              6 |
|  clk_inst/inst/clk_out4 | cpu0/mem_wb0/wb_rd_enable_reg_4[0]                                  | rst_repN_1                                          |                2 |              6 |
|  clk_inst/inst/clk_out4 | cpu0/mem_wb0/wb_rd_addr_reg[2]_6[0]                                 | rst_repN_1                                          |                1 |              6 |
|  clk_inst/inst/clk_out4 | cpu0/mem_wb0/wb_rd_addr_reg[1]_6[0]                                 | rst_repN_1                                          |                2 |              6 |
|  clk_inst/inst/clk_out4 | cpu0/mem_wb0/wb_rd_addr_reg[2]_1[0]                                 | rst_repN_4                                          |                3 |              6 |
|  clk_inst/inst/clk_out4 | cpu0/mem_wb0/wb_rd_addr_reg[2]_5[0]                                 | rst_repN_13                                         |                2 |              6 |
|  clk_inst/inst/clk_out4 | cpu0/mem_wb0/wb_rd_addr_reg[2]_8[0]                                 | rst_repN_7                                          |                6 |              6 |
|  clk_inst/inst/clk_out4 | cpu0/mem_wb0/E[0]                                                   | rst_repN_1                                          |                3 |              6 |
|  clk_inst/inst/clk_out4 | cpu0/mem_wb0/wb_rd_enable_reg_3[0]                                  | rst_repN_4                                          |                1 |              6 |
|  clk_inst/inst/clk_out4 | cpu0/mem_wb0/wb_rd_addr_reg[1]_2[0]                                 | rst_repN_14                                         |                3 |              6 |
|  clk_inst/inst/clk_out4 | cpu0/mem_wb0/wb_rd_enable_reg_7[0]                                  | rst_repN_4                                          |                4 |              6 |
|  clk_inst/inst/clk_out4 | cpu0/mem_ctrl0/cache1/p_1_in                                        | rst_repN_1                                          |                2 |              6 |
|  clk_inst/inst/clk_out4 | cpu0/mem_wb0/wb_rd_addr_reg[2]_5[0]                                 | rst_repN                                            |                4 |              6 |
|  clk_inst/inst/clk_out4 | cpu0/mem_wb0/wb_rd_addr_reg[0]_2[0]                                 | rst_repN_14                                         |                2 |              6 |
|  clk_inst/inst/clk_out4 | cpu0/mem_wb0/wb_rd_enable_reg_6[0]                                  | rst_repN                                            |                2 |              6 |
|  clk_inst/inst/clk_out4 | cpu0/mem_wb0/wb_rd_addr_reg[0]_2[0]                                 | rst_repN_7                                          |                3 |              6 |
|  clk_inst/inst/clk_out4 | hci0/uart_blk/uart_tx_fifo/q_empty_reg_0                            | rst_repN_9                                          |                4 |              6 |
|  clk_inst/inst/clk_out4 | cpu0/mem_wb0/wb_rd_addr_reg[1]_5[0]                                 | rst_repN_13                                         |                2 |              6 |
|  clk_inst/inst/clk_out4 | cpu0/mem_wb0/wb_rd_addr_reg[0]_1[0]                                 | rst_repN_4                                          |                4 |              6 |
|  clk_inst/inst/clk_out4 | hci0/uart_blk/uart_tx_fifo/q_decode_cnt_reg[0]                      | rst_repN_9                                          |                5 |              6 |
|  clk_inst/inst/clk_out4 | cpu0/mem_wb0/wb_rd_addr_reg[0]_1[0]                                 | rst_repN_1                                          |                1 |              6 |
|  clk_inst/inst/clk_out4 | cpu0/mem_wb0/wb_rd_enable_reg_3[0]                                  | rst_repN_1                                          |                3 |              7 |
|  clk_inst/inst/clk_out4 | cpu0/mem_wb0/wb_rd_enable_reg_5[0]                                  | rst_repN                                            |                3 |              7 |
|  clk_inst/inst/clk_out4 | cpu0/mem_wb0/wb_rd_addr_reg[2]_2[0]                                 | rst_repN_4                                          |                2 |              7 |
|  clk_inst/inst/clk_out4 | cpu0/mem_wb0/wb_rd_addr_reg[1]_1[0]                                 | rst_repN_4                                          |                5 |              7 |
|  clk_inst/inst/clk_out4 | cpu0/mem_wb0/wb_rd_enable_reg_7[0]                                  | rst_repN_14                                         |                3 |              7 |
|  clk_inst/inst/clk_out4 | cpu0/mem_wb0/wb_rd_addr_reg[0]_0[0]                                 | rst_repN_1                                          |                3 |              7 |
|  clk_inst/inst/clk_out4 | cpu0/mem_wb0/wb_rd_enable_reg_0[0]                                  | rst_repN_14                                         |                1 |              7 |
|  clk_inst/inst/clk_out4 | cpu0/mem_wb0/wb_rd_addr_reg[1]_3[0]                                 | rst_repN                                            |                3 |              7 |
|  clk_inst/inst/clk_out4 | cpu0/mem_wb0/wb_rd_addr_reg[0]_0[0]                                 | rst_repN_4                                          |                2 |              7 |
|  clk_inst/inst/clk_out4 | cpu0/mem_wb0/wb_rd_addr_reg[2]_2[0]                                 | rst_repN_14                                         |                3 |              7 |
|  clk_inst/inst/clk_out4 | cpu0/mem_wb0/wb_rd_enable_reg_1[0]                                  | rst_repN_14                                         |                3 |              7 |
|  clk_inst/inst/clk_out4 | cpu0/mem_wb0/wb_rd_enable_reg_6[0]                                  | rst_repN_7                                          |                4 |              7 |
|  clk_inst/inst/clk_out4 | cpu0/mem_wb0/wb_rd_enable_reg_8[0]                                  | rst_repN_1                                          |                3 |              7 |
|  clk_inst/inst/clk_out4 | cpu0/mem_wb0/wb_rd_addr_reg[1]_4[0]                                 | rst_repN_13                                         |                2 |              7 |
|  clk_inst/inst/clk_out4 | cpu0/mem_wb0/wb_rd_enable_reg_3[0]                                  | rst_repN_14                                         |                2 |              8 |
|  clk_inst/inst/clk_out4 | cpu0/mem_wb0/wb_rd_addr_reg[2]_0[0]                                 | rst_repN_4                                          |                2 |              8 |
|  clk_inst/inst/clk_out4 | cpu0/mem_wb0/wb_rd_addr_reg[0]_3[0]                                 | rst_repN                                            |                1 |              8 |
|  clk_inst/inst/clk_out4 | cpu0/mem_wb0/wb_rd_enable_reg_1[0]                                  | rst_repN_4                                          |                2 |              8 |
|  clk_inst/inst/clk_out4 | cpu0/mem_wb0/wb_rd_addr_reg[2]_7[0]                                 | rst_repN                                            |                3 |              8 |
|  clk_inst/inst/clk_out4 | cpu0/mem_wb0/wb_rd_enable_reg_0[0]                                  | rst_repN_4                                          |                2 |              8 |
|  clk_inst/inst/clk_out4 | cpu0/mem_wb0/wb_rd_addr_reg[1]_2[0]                                 | rst_repN_1                                          |                3 |              8 |
|  clk_inst/inst/clk_out4 | cpu0/mem_wb0/E[0]                                                   | rst_repN_14                                         |                2 |              8 |
|  clk_inst/inst/clk_out4 | cpu0/mem_wb0/wb_rd_enable_reg_2[0]                                  | rst_repN_14                                         |                1 |              8 |
|  clk_inst/inst/clk_out4 | cpu0/mem_wb0/E[0]                                                   | rst_repN_4                                          |                3 |              8 |
|  clk_inst/inst/clk_out4 | cpu0/mem_wb0/wb_rd_addr_reg[1]_0[0]                                 | rst_repN_4                                          |                2 |              8 |
|  clk_inst/inst/clk_out4 |                                                                     | hci0/uart_blk/uart_rx_fifo/SR[0]                    |                3 |              8 |
|  clk_inst/inst/clk_out4 |                                                                     | cpu0/mem_ctrl0/q_io_en_reg[0]                       |                6 |              8 |
|  clk_inst/inst/clk_out4 |                                                                     | cpu0/mem_ctrl0/SR[0]                                |                3 |              8 |
|  clk_inst/inst/clk_out4 | hci0/io_in_fifo/wr_en_prot                                          | rst_repN_10                                         |                5 |              8 |
|  clk_inst/inst/clk_out4 | cpu0/mem_ctrl0/data_out[7]_i_2_n_0                                  | cpu0/mem_ctrl0/data_out[7]_i_1_n_0                  |                5 |              8 |
|  clk_inst/inst/clk_out4 | cpu0/mem_wb0/wb_rd_enable_reg_4[0]                                  | rst_repN_4                                          |                2 |              8 |
|  clk_inst/inst/clk_out4 | cpu0/mem_ctrl0/data_to_mem[7]_i_1_n_0                               |                                                     |                3 |              8 |
|  clk_inst/inst/clk_out4 | cpu0/mem_ctrl0/data_out[23]_i_2_n_0                                 | cpu0/mem_ctrl0/data_out[23]_i_1_n_0                 |                5 |              8 |
|  clk_inst/inst/clk_out4 | hci0/uart_blk/uart_rx_fifo/q_empty_reg_1[0]                         | rst_repN_10                                         |                6 |              8 |
|  clk_inst/inst/clk_out4 | hci0/uart_blk/uart_rx_blk/d_data                                    | rst_repN_10                                         |                3 |              8 |
|  clk_inst/inst/clk_out4 | cpu0/mem_wb0/wb_rd_addr_reg[2]_0[0]                                 | rst_repN_14                                         |                2 |              8 |
|  clk_inst/inst/clk_out4 | cpu0/mem_ctrl0/data_out[31]_i_2_n_0                                 | cpu0/mem_ctrl0/data_out[31]_i_1_n_0                 |                3 |              8 |
|  clk_inst/inst/clk_out4 | hci0/uart_blk/uart_tx_blk/d_data                                    | rst_repN_9                                          |                3 |              8 |
|  clk_inst/inst/clk_out4 | cpu0/mem_wb0/wb_rd_addr_reg[2]_1[0]                                 | rst_repN_14                                         |                2 |              8 |
|  clk_inst/inst/clk_out4 | cpu0/mem_ctrl0/data_out[15]_i_2_n_0                                 | cpu0/mem_ctrl0/data_out[15]_i_1_n_0                 |                4 |              8 |
|  clk_inst/inst/clk_out4 | cpu0/mem_wb0/wb_rd_addr_reg[0]_1[0]                                 | rst_repN_14                                         |                2 |              9 |
|  clk_inst/inst/clk_out4 | cpu0/mem_wb0/wb_rd_addr_reg[3]_0[0]                                 | rst_repN_4                                          |                2 |              9 |
|  clk_inst/inst/clk_out4 | cpu0/mem_wb0/wb_rd_addr_reg[1]_0[0]                                 | rst_repN_14                                         |                2 |              9 |
|  clk_inst/inst/clk_out4 | hci0/uart_blk/uart_tx_fifo/q_empty_reg_2[0]                         | rst_repN_10                                         |                5 |              9 |
|  clk_inst/inst/clk_out4 | hci0/uart_blk/uart_tx_fifo/wr_en_prot                               | rst_repN_9                                          |                6 |             10 |
|  clk_inst/inst/clk_out4 | cpu0/mem_ctrl0/CEA2                                                 | rst_repN_6                                          |                3 |             11 |
|  clk_inst/inst/clk_out4 | cpu0/mem_ctrl0/cache1/FSM_onehot_q_state_reg[13]_0[0]               | rst_repN_10                                         |                5 |             11 |
|  clk_inst/inst/clk_out4 | hci0/uart_blk/uart_tx_fifo/q_data_array_reg_64_127_0_2_i_1__0_n_0   |                                                     |                3 |             12 |
|  clk_inst/inst/clk_out4 | hci0/uart_blk/uart_tx_fifo/q_data_array_reg_192_255_0_2_i_1__0_n_0  |                                                     |                3 |             12 |
|  clk_inst/inst/clk_out4 | hci0/uart_blk/uart_tx_fifo/q_data_array_reg_0_63_0_2_i_1__0_n_0     |                                                     |                3 |             12 |
|  clk_inst/inst/clk_out4 | hci0/io_in_fifo/q_data_array_reg_704_767_0_2_i_1_n_0                |                                                     |                3 |             12 |
|  clk_inst/inst/clk_out4 | hci0/uart_blk/uart_tx_fifo/q_data_array_reg_384_447_0_2_i_1__0_n_0  |                                                     |                3 |             12 |
|  clk_inst/inst/clk_out4 | hci0/io_in_fifo/q_data_array_reg_192_255_0_2_i_1_n_0                |                                                     |                3 |             12 |
|  clk_inst/inst/clk_out4 | hci0/io_in_fifo/q_data_array_reg_256_319_0_2_i_1_n_0                |                                                     |                3 |             12 |
|  clk_inst/inst/clk_out4 | hci0/io_in_fifo/q_data_array_reg_320_383_0_2_i_1_n_0                |                                                     |                3 |             12 |
|  clk_inst/inst/clk_out4 | hci0/io_in_fifo/q_data_array_reg_0_63_0_2_i_1_n_0                   |                                                     |                3 |             12 |
|  clk_inst/inst/clk_out4 | hci0/io_in_fifo/q_data_array_reg_384_447_0_2_i_1_n_0                |                                                     |                3 |             12 |
|  clk_inst/inst/clk_out4 | hci0/uart_blk/uart_tx_fifo/q_data_array_reg_512_575_0_2_i_1__0_n_0  |                                                     |                3 |             12 |
|  clk_inst/inst/clk_out4 | hci0/uart_blk/uart_tx_fifo/q_data_array_reg_576_639_0_2_i_1__0_n_0  |                                                     |                3 |             12 |
|  clk_inst/inst/clk_out4 | hci0/uart_blk/uart_tx_fifo/q_data_array_reg_448_511_0_2_i_1__0_n_0  |                                                     |                3 |             12 |
|  clk_inst/inst/clk_out4 | hci0/uart_blk/uart_tx_fifo/q_data_array_reg_768_831_0_2_i_1__0_n_0  |                                                     |                3 |             12 |
|  clk_inst/inst/clk_out4 | hci0/uart_blk/uart_tx_fifo/q_data_array_reg_704_767_0_2_i_1__0_n_0  |                                                     |                3 |             12 |
|  clk_inst/inst/clk_out4 | hci0/uart_blk/uart_tx_fifo/q_data_array_reg_832_895_0_2_i_1__0_n_0  |                                                     |                3 |             12 |
|  clk_inst/inst/clk_out4 | hci0/uart_blk/uart_tx_fifo/q_data_array_reg_960_1023_0_2_i_1__0_n_0 |                                                     |                3 |             12 |
|  clk_inst/inst/clk_out4 | hci0/uart_blk/uart_tx_fifo/q_data_array_reg_896_959_0_2_i_1__0_n_0  |                                                     |                3 |             12 |
|  clk_inst/inst/clk_out4 | hci0/io_in_fifo/q_data_array_reg_576_639_0_2_i_1_n_0                |                                                     |                3 |             12 |
|  clk_inst/inst/clk_out4 | hci0/io_in_fifo/q_data_array_reg_512_575_0_2_i_1_n_0                |                                                     |                3 |             12 |
|  clk_inst/inst/clk_out4 | hci0/uart_blk/uart_tx_fifo/q_data_array_reg_128_191_0_2_i_1__0_n_0  |                                                     |                3 |             12 |
|  clk_inst/inst/clk_out4 | hci0/uart_blk/uart_tx_fifo/q_data_array_reg_256_319_0_2_i_1__0_n_0  |                                                     |                3 |             12 |
|  clk_inst/inst/clk_out4 | hci0/uart_blk/uart_tx_fifo/q_data_array_reg_640_703_0_2_i_1__0_n_0  |                                                     |                3 |             12 |
|  clk_inst/inst/clk_out4 | hci0/uart_blk/uart_tx_fifo/q_data_array_reg_320_383_0_2_i_1__0_n_0  |                                                     |                3 |             12 |
|  clk_inst/inst/clk_out4 | hci0/io_in_fifo/q_data_array_reg_448_511_0_2_i_1_n_0                |                                                     |                3 |             12 |
|  clk_inst/inst/clk_out4 | hci0/io_in_fifo/q_data_array_reg_640_703_0_2_i_1_n_0                |                                                     |                3 |             12 |
|  clk_inst/inst/clk_out4 | hci0/io_in_fifo/q_data_array_reg_768_831_0_2_i_1_n_0                |                                                     |                3 |             12 |
|  clk_inst/inst/clk_out4 | hci0/io_in_fifo/q_data_array_reg_832_895_0_2_i_1_n_0                |                                                     |                3 |             12 |
|  clk_inst/inst/clk_out4 | hci0/io_in_fifo/q_data_array_reg_896_959_0_2_i_1_n_0                |                                                     |                3 |             12 |
|  clk_inst/inst/clk_out4 | hci0/io_in_fifo/q_data_array_reg_960_1023_0_2_i_1_n_0               |                                                     |                3 |             12 |
|  clk_inst/inst/clk_out4 | hci0/io_in_fifo/q_data_array_reg_64_127_0_2_i_1_n_0                 |                                                     |                3 |             12 |
|  clk_inst/inst/clk_out4 | hci0/io_in_fifo/q_data_array_reg_128_191_0_2_i_1_n_0                |                                                     |                3 |             12 |
|  clk_inst/inst/clk_out4 | hci0/uart_blk/uart_rx_fifo/E[0]                                     | rst_repN_10                                         |                7 |             13 |
|  clk_inst/inst/clk_out4 | cpu0/mem_ctrl0/rst_reg_0[0]                                         | rst_repN_7                                          |               11 |             16 |
|  clk_inst/inst/clk_out4 | hci0/io_in_fifo/rd_en_prot                                          | rst_repN_10                                         |                6 |             16 |
|  clk_inst/inst/clk_out4 | hci0/uart_blk/uart_rx_fifo/q_data_array_reg_0_7_0_5_i_1_n_0         |                                                     |                2 |             16 |
|  clk_inst/inst/clk_out4 |                                                                     |                                                     |               14 |             17 |
|  clk_inst/inst/clk_out4 |                                                                     | btnC_IBUF                                           |               12 |             17 |
|  clk_inst/inst/clk_out4 | cpu0/mem_ctrl0/FSM_onehot_q_state_reg[13][0]                        | rst_repN_7                                          |                7 |             17 |
|  clk_inst/inst/clk_out4 | cpu0/mem_ctrl0/rst_reg_0[0]                                         | rst_repN_5                                          |               11 |             18 |
|  clk_inst/inst/clk_out4 | cpu0/mem_ctrl0/addr_to_mem[17]_i_1_n_0                              |                                                     |               10 |             18 |
|  clk_inst/inst/clk_out4 | cpu0/mem_ctrl0/FSM_onehot_q_state_reg[13][0]                        | rst_repN_8                                          |                7 |             20 |
|  clk_inst/inst/clk_out4 | cpu0/mem_ctrl0/cache1/p_1_in                                        | rst_repN_2                                          |                8 |             20 |
|  clk_inst/inst/clk_out4 | hci0/uart_blk/uart_tx_blk/E[0]                                      | rst_repN_9                                          |                6 |             20 |
|  clk_inst/inst/clk_out4 | cpu0/mem_ctrl0/cache1/FSM_onehot_q_state_reg[13]_0[0]               | rst_repN_5                                          |                9 |             21 |
|  clk_inst/inst/clk_out4 | cpu0/mem_ctrl0/cache1/p_1_in                                        | rst_repN_3                                          |               11 |             23 |
|  clk_inst/inst/clk_out4 |                                                                     | rst_repN_10                                         |               16 |             23 |
|  clk_inst/inst/clk_out4 | cpu0/mem_ctrl0/CEA2                                                 | rst_repN_9                                          |               11 |             24 |
|  clk_inst/inst/clk_out4 |                                                                     | rst_repN_5                                          |               15 |             31 |
|  clk_inst/inst/clk_out4 | cpu0/mem_ctrl0/cache1/E[0]                                          | rst_repN_2                                          |                9 |             32 |
|  clk_inst/inst/clk_out4 |                                                                     | rst_repN_9                                          |               17 |             32 |
|  clk_inst/inst/clk_out4 | hci0/Q[0]                                                           | rst_repN_10                                         |                8 |             32 |
|  clk_inst/inst/clk_out4 | cpu0/mem_ctrl0/rst_reg_0[0]                                         | cpu0/mem_wb0/wb_rd_data0_n_0                        |               15 |             38 |
|  clk_inst/inst/clk_out4 | cpu0/mem_ctrl0/rst_reg_0[0]                                         | rst_repN_6                                          |               24 |             47 |
|  clk_inst/inst/clk_out4 | cpu0/id_ex0/ex_jmp_addr[31]_i_1_n_0                                 |                                                     |               13 |             64 |
|  clk_inst/inst/clk_out4 |                                                                     | rst_repN_2                                          |               20 |             64 |
|  clk_inst/inst/clk_out4 |                                                                     | rst_repN_13                                         |               21 |             74 |
|  clk_inst/inst/clk_out4 | cpu0/mem_ctrl0/rst_reg_0[0]                                         | rst_repN_8                                          |               41 |             89 |
|  clk_inst/inst/clk_out4 | cpu0/mem_ctrl0/cache1/p_1_in                                        | cpu0/mem_ctrl0/cache1/FSM_onehot_q_state_reg[13][0] |               27 |             96 |
|  clk_inst/inst/clk_out4 |                                                                     | rst_repN_3                                          |               27 |            101 |
|  clk_inst/inst/clk_out4 |                                                                     | rst_repN_11                                         |               31 |            101 |
|  clk_inst/inst/clk_out4 | cpu0/mem_ctrl0/cache0/tag_reg_0_255_0_0_i_1__0_n_0                  |                                                     |               39 |            156 |
|  clk_inst/inst/clk_out4 | cpu0/mem_ctrl0/cache1/tag_reg_0_255_0_0_i_1_n_0                     |                                                     |               39 |            156 |
|  clk_inst/inst/clk_out4 |                                                                     | rst_repN_12                                         |               52 |            183 |
+-------------------------+---------------------------------------------------------------------+-----------------------------------------------------+------------------+----------------+


