INFO: [VRFC 10-2263] Analyzing Verilog file "C:/Users/zhang/Documents/计算机系统/ComputerArch2019/RISCV_CPU/RISCV_CPU.srcs/sources_1/new/config.v" into library xil_defaultlib
INFO: [VRFC 10-2263] Analyzing Verilog file "C:/Users/zhang/Documents/计算机系统/ComputerArch2019/RISCV_CPU/src/common/block_ram/block_ram.v" into library xil_defaultlib
INFO: [VRFC 10-311] analyzing module dual_port_ram_sync
INFO: [VRFC 10-311] analyzing module single_port_ram_sync
INFO: [VRFC 10-2263] Analyzing Verilog file "C:/Users/zhang/Documents/计算机系统/ComputerArch2019/RISCV_CPU/src/cpu.v" into library xil_defaultlib
INFO: [VRFC 10-311] analyzing module cpu
INFO: [VRFC 10-2458] undeclared symbol prediction_addr_i, assumed default net type wire [C:/Users/zhang/Documents/计算机系统/ComputerArch2019/RISCV_CPU/src/cpu.v:138]
INFO: [VRFC 10-2458] undeclared symbol prediction_addr_o, assumed default net type wire [C:/Users/zhang/Documents/计算机系统/ComputerArch2019/RISCV_CPU/src/cpu.v:138]
INFO: [VRFC 10-2263] Analyzing Verilog file "C:/Users/zhang/Documents/计算机系统/ComputerArch2019/RISCV_CPU/RISCV_CPU.srcs/sources_1/new/ctrl.v" into library xil_defaultlib
INFO: [VRFC 10-311] analyzing module ctrl
INFO: [VRFC 10-2263] Analyzing Verilog file "C:/Users/zhang/Documents/计算机系统/ComputerArch2019/RISCV_CPU/RISCV_CPU.srcs/sources_1/new/ex.v" into library xil_defaultlib
INFO: [VRFC 10-311] analyzing module ex
INFO: [VRFC 10-2263] Analyzing Verilog file "C:/Users/zhang/Documents/计算机系统/ComputerArch2019/RISCV_CPU/RISCV_CPU.srcs/sources_1/new/ex_mem.v" into library xil_defaultlib
INFO: [VRFC 10-311] analyzing module ex_mem
INFO: [VRFC 10-2263] Analyzing Verilog file "C:/Users/zhang/Documents/计算机系统/ComputerArch2019/RISCV_CPU/RISCV_CPU.srcs/sources_1/new/id.v" into library xil_defaultlib
INFO: [VRFC 10-311] analyzing module id
INFO: [VRFC 10-2263] Analyzing Verilog file "C:/Users/zhang/Documents/计算机系统/ComputerArch2019/RISCV_CPU/RISCV_CPU.srcs/sources_1/new/id_ex.v" into library xil_defaultlib
INFO: [VRFC 10-311] analyzing module id_ex
INFO: [VRFC 10-2263] Analyzing Verilog file "C:/Users/zhang/Documents/计算机系统/ComputerArch2019/RISCV_CPU/RISCV_CPU.srcs/sources_1/new/if.v" into library xil_defaultlib
INFO: [VRFC 10-311] analyzing module if_stage
INFO: [VRFC 10-2458] undeclared symbol is_jalr, assumed default net type wire [C:/Users/zhang/Documents/计算机系统/ComputerArch2019/RISCV_CPU/RISCV_CPU.srcs/sources_1/new/if.v:43]
INFO: [VRFC 10-2263] Analyzing Verilog file "C:/Users/zhang/Documents/计算机系统/ComputerArch2019/RISCV_CPU/RISCV_CPU.srcs/sources_1/new/if_id.v" into library xil_defaultlib
INFO: [VRFC 10-311] analyzing module if_id
INFO: [VRFC 10-2263] Analyzing Verilog file "C:/Users/zhang/Documents/计算机系统/ComputerArch2019/RISCV_CPU/RISCV_CPU.srcs/sources_1/new/mem.v" into library xil_defaultlib
INFO: [VRFC 10-311] analyzing module mem
INFO: [VRFC 10-2263] Analyzing Verilog file "C:/Users/zhang/Documents/计算机系统/ComputerArch2019/RISCV_CPU/RISCV_CPU.srcs/sources_1/new/mem_ctrl.v" into library xil_defaultlib
INFO: [VRFC 10-311] analyzing module mem_ctrl
INFO: [VRFC 10-2263] Analyzing Verilog file "C:/Users/zhang/Documents/计算机系统/ComputerArch2019/RISCV_CPU/RISCV_CPU.srcs/sources_1/new/mem_wb.v" into library xil_defaultlib
INFO: [VRFC 10-311] analyzing module mem_wb
INFO: [VRFC 10-2263] Analyzing Verilog file "C:/Users/zhang/Documents/计算机系统/ComputerArch2019/RISCV_CPU/RISCV_CPU.srcs/sources_1/new/min_sopc.v" into library xil_defaultlib
INFO: [VRFC 10-311] analyzing module min_sopc
INFO: [VRFC 10-2263] Analyzing Verilog file "C:/Users/zhang/Documents/计算机系统/ComputerArch2019/RISCV_CPU/RISCV_CPU.srcs/sources_1/new/pc_reg.v" into library xil_defaultlib
INFO: [VRFC 10-311] analyzing module pc_reg
INFO: [VRFC 10-2263] Analyzing Verilog file "C:/Users/zhang/Documents/计算机系统/ComputerArch2019/RISCV_CPU/src/ram.v" into library xil_defaultlib
INFO: [VRFC 10-311] analyzing module ram
INFO: [VRFC 10-2263] Analyzing Verilog file "C:/Users/zhang/Documents/计算机系统/ComputerArch2019/RISCV_CPU/RISCV_CPU.srcs/sources_1/new/register.v" into library xil_defaultlib
INFO: [VRFC 10-311] analyzing module register
INFO: [VRFC 10-2263] Analyzing Verilog file "C:/Users/zhang/Documents/计算机系统/ComputerArch2019/RISCV_CPU/RISCV_CPU.srcs/sources_1/new/min_sopc_test.v" into library xil_defaultlib
INFO: [VRFC 10-311] analyzing module min_sopc_test
INFO: [VRFC 10-2263] Analyzing Verilog file "C:/Users/zhang/Documents/计算机系统/ComputerArch2019/RISCV_CPU/RISCV_CPU.sim/sim_2/behav/xsim/glbl.v" into library xil_defaultlib
INFO: [VRFC 10-311] analyzing module glbl
