Copyright 1986-2019 Xilinx, Inc. All Rights Reserved.
--------------------------------------------------------------------------------------
| Tool Version : Vivado v.2019.2 (win64) Build 2708876 Wed Nov  6 21:40:23 MST 2019
| Date         : Mon Dec  9 21:35:40 2019
| Host         : DESKTOP-KOEBDED running 64-bit major release  (build 9200)
| Command      : report_control_sets -verbose -file riscv_top_control_sets_placed.rpt
| Design       : riscv_top
| Device       : xc7a35t
--------------------------------------------------------------------------------------

Control Set Information

Table of Contents
-----------------
1. Summary
2. Histogram
3. Flip-Flop Distribution
4. Detailed Control Set Information

1. Summary
----------

+----------------------------------------------------------+-------+
|                          Status                          | Count |
+----------------------------------------------------------+-------+
| Total control sets                                       |   321 |
|    Minimum number of control sets                        |    49 |
|    Addition due to synthesis replication                 |     0 |
|    Addition due to physical synthesis replication        |   272 |
| Unused register locations in slices containing registers |  1143 |
+----------------------------------------------------------+-------+
* Control sets can be merged at opt_design using control_set_merge or merge_equivalent_drivers
** Run report_qor_suggestions for automated merging and remapping suggestions


2. Histogram
------------

+--------------------+-------+
|       Fanout       | Count |
+--------------------+-------+
| Total control sets |   321 |
| >= 0 to < 4        |   103 |
| >= 4 to < 6        |    72 |
| >= 6 to < 8        |    56 |
| >= 8 to < 10       |    17 |
| >= 10 to < 12      |    19 |
| >= 12 to < 14      |    32 |
| >= 14 to < 16      |     2 |
| >= 16              |    20 |
+--------------------+-------+
* Control sets can be remapped at either synth_design or opt_design


3. Flip-Flop Distribution
-------------------------

+--------------+-----------------------+------------------------+-----------------+--------------+
| Clock Enable | Synchronous Set/Reset | Asynchronous Set/Reset | Total Registers | Total Slices |
+--------------+-----------------------+------------------------+-----------------+--------------+
| No           | No                    | No                     |              10 |            8 |
| No           | No                    | Yes                    |              44 |           21 |
| No           | Yes                   | No                     |             344 |          119 |
| Yes          | No                    | No                     |              88 |           49 |
| Yes          | No                    | Yes                    |              34 |           10 |
| Yes          | Yes                   | No                     |            1601 |          722 |
+--------------+-----------------------+------------------------+-----------------+--------------+


4. Detailed Control Set Information
-----------------------------------

+------------------+---------------------------------------------------------------------+-----------------------------------------+------------------+----------------+
|   Clock Signal   |                            Enable Signal                            |             Set/Reset Signal            | Slice Load Count | Bel Load Count |
+------------------+---------------------------------------------------------------------+-----------------------------------------+------------------+----------------+
|  EXCLK_IBUF_BUFG | cpu0/mem_wb0/wb_rd_addr_reg[1]_2[0]                                 | rst_repN_5                              |                1 |              1 |
|  EXCLK_IBUF_BUFG | cpu0/mem_wb0/wb_rd_addr_reg[1]_5[0]                                 | rst_repN_8                              |                1 |              1 |
|  EXCLK_IBUF_BUFG | cpu0/mem_wb0/wb_rd_addr_reg[2]_2[0]                                 | rst_repN                                |                1 |              1 |
|  EXCLK_IBUF_BUFG | cpu0/mem_wb0/wb_rd_addr_reg[1]_6[0]                                 | rst_repN_5                              |                1 |              1 |
|  EXCLK_IBUF_BUFG | cpu0/mem_wb0/wb_rd_enable_reg_3[0]                                  | rst_repN                                |                1 |              1 |
|  EXCLK_IBUF_BUFG | cpu0/mem_wb0/wb_rd_enable_reg_5[0]                                  | rst_repN_5                              |                1 |              1 |
|  EXCLK_IBUF_BUFG | cpu0/mem_wb0/wb_rd_addr_reg[2]_5[0]                                 | rst_repN_5                              |                1 |              1 |
|  EXCLK_IBUF_BUFG | cpu0/mem_wb0/E[0]                                                   | rst_repN                                |                1 |              1 |
|  EXCLK_IBUF_BUFG | cpu0/mem_wb0/wb_rd_enable_reg_6[0]                                  | rst_repN_8                              |                1 |              1 |
|  EXCLK_IBUF_BUFG | cpu0/mem_wb0/wb_rd_addr_reg[0]_2[0]                                 | rst_repN_5                              |                1 |              1 |
|  EXCLK_IBUF_BUFG | cpu0/mem_ctrl0/_stallreq_reg[0]                                     | rst                                     |                1 |              1 |
|  EXCLK_IBUF_BUFG | cpu0/mem_wb0/wb_rd_addr_reg[1]_4[0]                                 | rst_repN_5                              |                1 |              1 |
|  EXCLK_IBUF_BUFG | cpu0/mem_wb0/wb_rd_addr_reg[0]_0[0]                                 | rst_repN_5                              |                1 |              1 |
|  EXCLK_IBUF_BUFG | cpu0/mem_wb0/wb_rd_addr_reg[2]_4[0]                                 | rst_repN_5                              |                1 |              1 |
|  EXCLK_IBUF_BUFG | cpu0/mem_wb0/wb_rd_enable_reg_6[0]                                  | rst_repN_5                              |                1 |              1 |
|  EXCLK_IBUF_BUFG | cpu0/mem_wb0/wb_rd_addr_reg[2]_7[0]                                 | rst_repN_5                              |                1 |              1 |
|  EXCLK_IBUF_BUFG | cpu0/mem_wb0/wb_rd_addr_reg[1]_3[0]                                 | rst_repN_5                              |                1 |              1 |
|  EXCLK_IBUF_BUFG | cpu0/mem_wb0/wb_rd_addr_reg[1]_5[0]                                 | rst_repN_5                              |                1 |              1 |
|  EXCLK_IBUF_BUFG | cpu0/mem_wb0/wb_rd_enable_reg_1[0]                                  | rst_repN_5                              |                1 |              1 |
|  EXCLK_IBUF_BUFG | cpu0/mem_wb0/wb_rd_addr_reg[2]_4[0]                                 | rst_repN_8                              |                1 |              1 |
|  EXCLK_IBUF_BUFG | cpu0/mem_wb0/wb_rd_addr_reg[1]_0[0]                                 | rst_repN_5                              |                1 |              1 |
|  EXCLK_IBUF_BUFG | cpu0/mem_wb0/wb_rd_enable_reg_2[0]                                  | rst_repN                                |                1 |              1 |
|  EXCLK_IBUF_BUFG | cpu0/mem_wb0/wb_rd_addr_reg[3]_0[0]                                 | rst_repN_5                              |                1 |              1 |
|  EXCLK_IBUF_BUFG | cpu0/mem_wb0/wb_rd_addr_reg[0]_3[0]                                 | rst_repN_5                              |                1 |              1 |
|  EXCLK_IBUF_BUFG | cpu0/mem_wb0/wb_rd_enable_reg_3[0]                                  | rst_repN_5                              |                1 |              1 |
|  EXCLK_IBUF_BUFG | cpu0/mem_wb0/wb_rd_addr_reg[2]_3[0]                                 | rst_repN_5                              |                1 |              1 |
|  EXCLK_IBUF_BUFG | cpu0/mem_wb0/wb_rd_addr_reg[2]_2[0]                                 | rst_repN_1                              |                1 |              2 |
|  EXCLK_IBUF_BUFG | cpu0/mem_wb0/wb_rd_addr_reg[2]_5[0]                                 | rst_repN_8                              |                2 |              2 |
|  EXCLK_IBUF_BUFG | cpu0/mem_wb0/wb_rd_addr_reg[2]_3[0]                                 | rst_repN_8                              |                1 |              2 |
|  EXCLK_IBUF_BUFG | cpu0/mem_wb0/wb_rd_enable_reg_3[0]                                  | rst_repN_1                              |                1 |              2 |
|  EXCLK_IBUF_BUFG | cpu0/mem_wb0/wb_rd_enable_reg_7[0]                                  | rst_repN_5                              |                2 |              2 |
|  EXCLK_IBUF_BUFG | cpu0/mem_wb0/wb_rd_addr_reg[2]_5[0]                                 | rst_repN_1                              |                1 |              2 |
|  EXCLK_IBUF_BUFG | cpu0/mem_wb0/wb_rd_addr_reg[0]_2[0]                                 | rst_repN_8                              |                2 |              2 |
|  EXCLK_IBUF_BUFG | cpu0/mem_wb0/wb_rd_addr_reg[2]_7[0]                                 | rst_repN_8                              |                1 |              2 |
|  EXCLK_IBUF_BUFG | cpu0/mem_wb0/wb_rd_enable_reg_8[0]                                  | rst_repN_8                              |                1 |              2 |
|  EXCLK_IBUF_BUFG | cpu0/mem_ctrl0/rst_reg[0]                                           | rst_repN_5                              |                2 |              2 |
|  EXCLK_IBUF_BUFG | cpu0/mem_wb0/wb_rd_addr_reg[1]_6[0]                                 | rst_repN_8                              |                1 |              2 |
|  EXCLK_IBUF_BUFG | cpu0/mem_wb0/wb_rd_enable_reg_2[0]                                  | rst_repN_5                              |                1 |              2 |
|  EXCLK_IBUF_BUFG | cpu0/mem_wb0/wb_rd_addr_reg[2]_7[0]                                 | rst_repN_1                              |                1 |              2 |
|  EXCLK_IBUF_BUFG | cpu0/mem_wb0/wb_rd_addr_reg[2]_2[0]                                 | rst_repN_5                              |                2 |              2 |
|  EXCLK_IBUF_BUFG | cpu0/mem_wb0/wb_rd_enable_reg_4[0]                                  | rst_repN_5                              |                2 |              2 |
|  EXCLK_IBUF_BUFG | cpu0/mem_wb0/wb_rd_addr_reg[1]_2[0]                                 | rst_repN_1                              |                2 |              2 |
|  EXCLK_IBUF_BUFG | cpu0/mem_wb0/wb_rd_addr_reg[2]_8[0]                                 | rst_repN_9                              |                1 |              2 |
|  EXCLK_IBUF_BUFG | cpu0/mem_wb0/wb_rd_addr_reg[2]_0[0]                                 | rst_repN_5                              |                1 |              2 |
|  EXCLK_IBUF_BUFG | cpu0/mem_wb0/wb_rd_addr_reg[2]_8[0]                                 | rst_repN_5                              |                1 |              2 |
|  EXCLK_IBUF_BUFG | cpu0/mem_wb0/wb_rd_addr_reg[1]_3[0]                                 | rst_repN_8                              |                1 |              2 |
|  EXCLK_IBUF_BUFG | cpu0/mem_wb0/wb_rd_addr_reg[2]_6[0]                                 | rst_repN_1                              |                1 |              2 |
|  EXCLK_IBUF_BUFG | cpu0/mem_wb0/wb_rd_addr_reg[0]_2[0]                                 | rst_repN_1                              |                1 |              2 |
|  EXCLK_IBUF_BUFG | cpu0/mem_wb0/wb_rd_addr_reg[1]_4[0]                                 | rst_repN_8                              |                1 |              2 |
|  EXCLK_IBUF_BUFG | cpu0/mem_ctrl0/cache0/p_1_in                                        | rst_repN_3                              |                1 |              2 |
|  EXCLK_IBUF_BUFG | cpu0/mem_wb0/wb_rd_addr_reg[1]_5[0]                                 | rst_repN_1                              |                2 |              2 |
|  EXCLK_IBUF_BUFG | cpu0/mem_wb0/wb_rd_addr_reg[2]_1[0]                                 | rst_repN_5                              |                1 |              2 |
|  EXCLK_IBUF_BUFG | cpu0/mem_wb0/wb_rd_addr_reg[0]_3[0]                                 | rst_repN_8                              |                1 |              2 |
|  EXCLK_IBUF_BUFG | cpu0/mem_wb0/wb_rd_addr_reg[0]_0[0]                                 | rst_repN_1                              |                1 |              2 |
|  EXCLK_IBUF_BUFG | cpu0/mem_wb0/wb_rd_addr_reg[2]_4[0]                                 | rst_repN_1                              |                2 |              2 |
|  EXCLK_IBUF_BUFG | cpu0/mem_wb0/wb_rd_addr_reg[1]_1[0]                                 | rst_repN_5                              |                1 |              2 |
|  EXCLK_IBUF_BUFG | cpu0/mem_wb0/wb_rd_addr_reg[1]_0[0]                                 | rst_repN_1                              |                1 |              2 |
|  EXCLK_IBUF_BUFG | cpu0/mem_wb0/wb_rd_addr_reg[2]_6[0]                                 | rst_repN_8                              |                1 |              2 |
|  EXCLK_IBUF_BUFG | cpu0/mem_wb0/wb_rd_enable_reg_5[0]                                  | rst_repN_8                              |                1 |              2 |
|  EXCLK_IBUF_BUFG | cpu0/mem_wb0/wb_rd_addr_reg[2]_6[0]                                 | rst_repN_5                              |                1 |              2 |
|  EXCLK_IBUF_BUFG | cpu0/mem_wb0/wb_rd_enable_reg_0[0]                                  | rst_repN_5                              |                1 |              2 |
|  EXCLK_IBUF_BUFG | cpu0/mem_wb0/wb_rd_enable_reg_8[0]                                  | rst_repN                                |                1 |              3 |
|  EXCLK_IBUF_BUFG | cpu0/mem_wb0/wb_rd_addr_reg[3]_0[0]                                 | rst_repN_1                              |                1 |              3 |
|  EXCLK_IBUF_BUFG | cpu0/mem_wb0/wb_rd_enable_reg_8[0]                                  | rst_repN_1                              |                1 |              3 |
|  EXCLK_IBUF_BUFG | cpu0/mem_wb0/wb_rd_enable_reg_8[0]                                  | rst_repN_9                              |                1 |              3 |
|  EXCLK_IBUF_BUFG | cpu0/mem_wb0/wb_rd_addr_reg[1]_6[0]                                 | rst_repN_9                              |                1 |              3 |
|  EXCLK_IBUF_BUFG | cpu0/mem_wb0/wb_rd_addr_reg[0]_3[0]                                 | rst_repN_9                              |                1 |              3 |
|  EXCLK_IBUF_BUFG | cpu0/mem_wb0/wb_rd_enable_reg_1[0]                                  | rst_repN_1                              |                1 |              3 |
|  EXCLK_IBUF_BUFG | cpu0/mem_wb0/wb_rd_enable_reg_5[0]                                  | rst_repN                                |                1 |              3 |
|  EXCLK_IBUF_BUFG | cpu0/mem_wb0/wb_rd_enable_reg_5[0]                                  | rst_repN_1                              |                2 |              3 |
|  EXCLK_IBUF_BUFG | cpu0/mem_wb0/wb_rd_addr_reg[2]_4[0]                                 | rst_repN_9                              |                3 |              3 |
|  EXCLK_IBUF_BUFG | cpu0/mem_wb0/E[0]                                                   | rst_repN_1                              |                1 |              3 |
|  EXCLK_IBUF_BUFG | cpu0/mem_wb0/wb_rd_addr_reg[1]_4[0]                                 | rst_repN_9                              |                1 |              3 |
|  EXCLK_IBUF_BUFG | cpu0/mem_wb0/wb_rd_addr_reg[1]_1[0]                                 | rst_repN_1                              |                1 |              3 |
|  EXCLK_IBUF_BUFG | cpu0/mem_wb0/wb_rd_addr_reg[2]_6[0]                                 | rst_repN_9                              |                1 |              3 |
|  EXCLK_IBUF_BUFG | cpu0/mem_wb0/wb_rd_addr_reg[2]_1[0]                                 | rst_repN_1                              |                3 |              3 |
|  EXCLK_IBUF_BUFG | cpu0/mem_wb0/wb_rd_addr_reg[0]_3[0]                                 | rst_repN_1                              |                1 |              3 |
|  EXCLK_IBUF_BUFG | cpu0/mem_wb0/wb_rd_addr_reg[2]_8[0]                                 | rst_repN_1                              |                2 |              3 |
|  EXCLK_IBUF_BUFG | cpu0/mem_wb0/wb_rd_addr_reg[2]_0[0]                                 | rst_repN_1                              |                3 |              3 |
|  EXCLK_IBUF_BUFG | cpu0/mem_wb0/wb_rd_enable_reg_5[0]                                  | rst_repN_9                              |                2 |              3 |
|  EXCLK_IBUF_BUFG | cpu0/mem_wb0/wb_rd_addr_reg[1]_3[0]                                 | rst_repN_12                             |                1 |              3 |
|  EXCLK_IBUF_BUFG | cpu0/mem_wb0/wb_rd_addr_reg[1]_3[0]                                 | rst_repN_1                              |                1 |              3 |
|  EXCLK_IBUF_BUFG | cpu0/mem_wb0/wb_rd_addr_reg[2]_3[0]                                 | rst_repN_9                              |                1 |              3 |
|  EXCLK_IBUF_BUFG | cpu0/mem_wb0/wb_rd_enable_reg_1[0]                                  | rst_repN_9                              |                1 |              3 |
|  EXCLK_IBUF_BUFG | cpu0/mem_wb0/wb_rd_enable_reg_6[0]                                  | rst_repN_1                              |                3 |              3 |
|  EXCLK_IBUF_BUFG | cpu0/mem_wb0/E[0]                                                   | rst_repN_5                              |                2 |              3 |
|  EXCLK_IBUF_BUFG | cpu0/mem_wb0/wb_rd_addr_reg[2]_7[0]                                 | rst_repN_9                              |                2 |              3 |
|  EXCLK_IBUF_BUFG | cpu0/mem_wb0/wb_rd_addr_reg[1]_5[0]                                 | rst_repN_9                              |                2 |              3 |
|  EXCLK_IBUF_BUFG | cpu0/mem_wb0/wb_rd_addr_reg[2]_3[0]                                 | rst_repN_1                              |                1 |              3 |
|  EXCLK_IBUF_BUFG | cpu0/mem_wb0/wb_rd_enable_reg_4[0]                                  | rst_repN_1                              |                1 |              3 |
|  EXCLK_IBUF_BUFG | cpu0/mem_wb0/wb_rd_addr_reg[0]_2[0]                                 | rst_repN_9                              |                1 |              3 |
|  EXCLK_IBUF_BUFG | cpu0/mem_wb0/wb_rd_enable_reg_3[0]                                  | rst_repN_9                              |                2 |              3 |
|  EXCLK_IBUF_BUFG | cpu0/mem_wb0/wb_rd_enable_reg_7[0]                                  | rst_repN_1                              |                3 |              3 |
|  EXCLK_IBUF_BUFG | cpu0/mem_wb0/wb_rd_addr_reg[0]_1[0]                                 | rst_repN_5                              |                1 |              3 |
|  EXCLK_IBUF_BUFG | cpu0/mem_wb0/wb_rd_addr_reg[1]_4[0]                                 | rst_repN                                |                2 |              3 |
|  EXCLK_IBUF_BUFG | cpu0/mem_wb0/wb_rd_addr_reg[1]_2[0]                                 | rst_repN_9                              |                3 |              3 |
|  EXCLK_IBUF_BUFG | cpu0/mem_wb0/wb_rd_addr_reg[0]_1[0]                                 | rst_repN_1                              |                1 |              3 |
|  EXCLK_IBUF_BUFG | cpu0/mem_wb0/wb_rd_addr_reg[2]_2[0]                                 | rst_repN_9                              |                1 |              3 |
|  EXCLK_IBUF_BUFG | cpu0/mem_wb0/wb_rd_enable_reg_2[0]                                  | rst_repN_1                              |                1 |              3 |
|  EXCLK_IBUF_BUFG | cpu0/mem_wb0/wb_rd_addr_reg[2]_8[0]                                 | rst_repN_8                              |                1 |              3 |
|  EXCLK_IBUF_BUFG | cpu0/mem_wb0/wb_rd_addr_reg[2]_0[0]                                 | rst_repN_9                              |                1 |              3 |
|  EXCLK_IBUF_BUFG | cpu0/mem_wb0/wb_rd_enable_reg_0[0]                                  | rst_repN_1                              |                1 |              3 |
|  EXCLK_IBUF_BUFG | cpu0/mem_wb0/wb_rd_addr_reg[1]_6[0]                                 | rst_repN                                |                2 |              3 |
|  EXCLK_IBUF_BUFG | cpu0/mem_wb0/wb_rd_addr_reg[2]_8[0]                                 | rst_repN_10                             |                1 |              4 |
|  EXCLK_IBUF_BUFG | cpu0/mem_wb0/wb_rd_addr_reg[2]_8[0]                                 | rst_repN                                |                1 |              4 |
|  EXCLK_IBUF_BUFG | cpu0/mem_wb0/wb_rd_addr_reg[2]_4[0]                                 | rst_repN_12                             |                4 |              4 |
|  EXCLK_IBUF_BUFG | cpu0/mem_wb0/wb_rd_addr_reg[2]_4[0]                                 | rst_repN                                |                4 |              4 |
|  EXCLK_IBUF_BUFG | cpu0/mem_wb0/wb_rd_addr_reg[3]_0[0]                                 | rst_repN_9                              |                2 |              4 |
|  EXCLK_IBUF_BUFG | cpu0/mem_wb0/wb_rd_addr_reg[1]_0[0]                                 | rst_repN_9                              |                3 |              4 |
|  EXCLK_IBUF_BUFG | cpu0/mem_wb0/wb_rd_enable_reg_8[0]                                  | rst_repN_12                             |                1 |              4 |
|  EXCLK_IBUF_BUFG | cpu0/mem_wb0/wb_rd_addr_reg[0]_2[0]                                 | rst_repN_12                             |                1 |              4 |
|  EXCLK_IBUF_BUFG | cpu0/mem_wb0/wb_rd_addr_reg[0]_2[0]                                 | rst_repN                                |                1 |              4 |
|  EXCLK_IBUF_BUFG | cpu0/mem_wb0/wb_rd_addr_reg[1]_6[0]                                 | rst_repN_12                             |                1 |              4 |
|  EXCLK_IBUF_BUFG | cpu0/mem_wb0/wb_rd_addr_reg[1]_6[0]                                 | rst_repN_1                              |                1 |              4 |
|  EXCLK_IBUF_BUFG | cpu0/mem_ctrl0/_stallreq_reg[0]                                     | rst_repN_2                              |                1 |              4 |
|  EXCLK_IBUF_BUFG | cpu0/mem_ctrl0/_stallreq_reg[0]                                     | rst_repN_3                              |                2 |              4 |
|  EXCLK_IBUF_BUFG | cpu0/mem_wb0/wb_rd_addr_reg[1]_5[0]                                 | rst_repN                                |                4 |              4 |
|  EXCLK_IBUF_BUFG | cpu0/mem_wb0/wb_rd_addr_reg[1]_3[0]                                 | rst_repN_9                              |                1 |              4 |
|  EXCLK_IBUF_BUFG | cpu0/mem_wb0/wb_rd_addr_reg[1]_3[0]                                 | rst_repN                                |                3 |              4 |
|  EXCLK_IBUF_BUFG | cpu0/mem_wb0/wb_rd_enable_reg_4[0]                                  | rst_repN_9                              |                4 |              4 |
|  EXCLK_IBUF_BUFG | cpu0/mem_wb0/wb_rd_enable_reg_4[0]                                  | rst_repN_10                             |                1 |              4 |
|  EXCLK_IBUF_BUFG | cpu0/mem_wb0/wb_rd_enable_reg_0[0]                                  | rst_repN_9                              |                3 |              4 |
|  EXCLK_IBUF_BUFG | cpu0/mem_wb0/E[0]                                                   | rst_repN_9                              |                3 |              4 |
|  EXCLK_IBUF_BUFG | cpu0/mem_wb0/wb_rd_enable_reg_2[0]                                  | rst_repN_9                              |                2 |              4 |
|  EXCLK_IBUF_BUFG | cpu0/mem_wb0/wb_rd_enable_reg_2[0]                                  | rst_repN_10                             |                1 |              4 |
|  EXCLK_IBUF_BUFG | cpu0/mem_wb0/wb_rd_enable_reg_7[0]                                  | rst_repN_10                             |                4 |              4 |
|  EXCLK_IBUF_BUFG | cpu0/mem_wb0/E[0]                                                   | rst_repN_10                             |                1 |              4 |
|  EXCLK_IBUF_BUFG | cpu0/mem_wb0/wb_rd_enable_reg_5[0]                                  | rst_repN_12                             |                1 |              4 |
|  EXCLK_IBUF_BUFG | cpu0/mem_wb0/wb_rd_enable_reg_6[0]                                  | rst_repN_9                              |                1 |              4 |
|  EXCLK_IBUF_BUFG | cpu0/mem_wb0/wb_rd_enable_reg_6[0]                                  | rst_repN_12                             |                1 |              4 |
|  EXCLK_IBUF_BUFG | cpu0/mem_wb0/wb_rd_enable_reg_6[0]                                  | rst_repN                                |                1 |              4 |
|  EXCLK_IBUF_BUFG | cpu0/mem_wb0/wb_rd_addr_reg[2]_1[0]                                 | rst_repN_9                              |                1 |              4 |
|  EXCLK_IBUF_BUFG | cpu0/mem_wb0/wb_rd_enable_reg_1[0]                                  | rst_repN_10                             |                1 |              4 |
|  EXCLK_IBUF_BUFG | hci0/uart_blk/uart_rx_fifo/FSM_sequential_q_state_reg[2][0]         | rst_repN_4                              |                1 |              4 |
|  EXCLK_IBUF_BUFG | hci0/uart_blk/uart_rx_blk/d_oversample_tick_cnt                     | rst_repN_6                              |                2 |              4 |
|  EXCLK_IBUF_BUFG | cpu0/mem_wb0/wb_rd_addr_reg[2]_1[0]                                 | rst_repN_10                             |                2 |              4 |
|  EXCLK_IBUF_BUFG | hci0/uart_blk/uart_tx_blk/d_baud_clk_tick_cnt                       | rst_repN_6                              |                1 |              4 |
|  EXCLK_IBUF_BUFG | cpu0/mem_wb0/wb_rd_addr_reg[1]_4[0]                                 | rst_repN_12                             |                1 |              4 |
|  EXCLK_IBUF_BUFG | cpu0/mem_wb0/wb_rd_addr_reg[1]_4[0]                                 | rst_repN_1                              |                2 |              4 |
|  EXCLK_IBUF_BUFG | cpu0/mem_wb0/wb_rd_addr_reg[0]_3[0]                                 | rst_repN_10                             |                1 |              4 |
|  EXCLK_IBUF_BUFG | cpu0/mem_wb0/wb_rd_addr_reg[0]_3[0]                                 | rst_repN                                |                3 |              4 |
|  EXCLK_IBUF_BUFG | cpu0/mem_wb0/wb_rd_addr_reg[0]_0[0]                                 | rst_repN_9                              |                3 |              4 |
|  EXCLK_IBUF_BUFG | cpu0/mem_wb0/wb_rd_addr_reg[1]_1[0]                                 | rst_repN_9                              |                1 |              4 |
|  EXCLK_IBUF_BUFG | cpu0/mem_wb0/wb_rd_addr_reg[1]_1[0]                                 | rst_repN_10                             |                1 |              4 |
|  EXCLK_IBUF_BUFG | cpu0/mem_wb0/wb_rd_addr_reg[2]_6[0]                                 | rst_repN_12                             |                1 |              4 |
|  EXCLK_IBUF_BUFG | cpu0/mem_wb0/wb_rd_addr_reg[2]_6[0]                                 | rst_repN                                |                2 |              4 |
|  EXCLK_IBUF_BUFG | cpu0/mem_wb0/wb_rd_addr_reg[2]_3[0]                                 | rst_repN_10                             |                2 |              4 |
|  EXCLK_IBUF_BUFG | cpu0/mem_wb0/wb_rd_addr_reg[2]_3[0]                                 | rst_repN                                |                2 |              4 |
|  EXCLK_IBUF_BUFG | cpu0/mem_wb0/wb_rd_addr_reg[0]_1[0]                                 | rst_repN_9                              |                3 |              4 |
|  EXCLK_IBUF_BUFG | cpu0/mem_wb0/wb_rd_addr_reg[2]_5[0]                                 | rst_repN_9                              |                2 |              4 |
|  EXCLK_IBUF_BUFG | cpu0/mem_wb0/wb_rd_addr_reg[2]_5[0]                                 | rst_repN_12                             |                4 |              4 |
|  EXCLK_IBUF_BUFG | cpu0/mem_wb0/wb_rd_addr_reg[2]_5[0]                                 | rst_repN                                |                1 |              4 |
|  EXCLK_IBUF_BUFG | cpu0/mem_wb0/wb_rd_addr_reg[2]_7[0]                                 | rst_repN_12                             |                3 |              4 |
|  EXCLK_IBUF_BUFG | cpu0/mem_wb0/wb_rd_addr_reg[2]_7[0]                                 | rst_repN                                |                2 |              4 |
|  EXCLK_IBUF_BUFG | cpu0/mem_wb0/wb_rd_enable_reg_7[0]                                  | rst_repN_9                              |                4 |              5 |
|  EXCLK_IBUF_BUFG | hci0/uart_blk/uart_tx_blk/q_state[4]_i_1_n_0                        | rst_repN_6                              |                1 |              5 |
|  EXCLK_IBUF_BUFG | cpu0/mem_wb0/wb_rd_addr_reg[2]_3[0]                                 | rst_repN_12                             |                1 |              5 |
|  EXCLK_IBUF_BUFG | cpu0/mem_wb0/wb_rd_enable_reg_2[0]                                  | rst_repN_12                             |                2 |              5 |
|  EXCLK_IBUF_BUFG | cpu0/mem_wb0/E[0]                                                   | rst_repN_7                              |                1 |              5 |
|  EXCLK_IBUF_BUFG | cpu0/mem_wb0/wb_rd_addr_reg[0]_1[0]                                 | rst_repN_7                              |                2 |              5 |
|  EXCLK_IBUF_BUFG | cpu0/mem_wb0/wb_rd_addr_reg[0]_1[0]                                 | rst_repN_10                             |                1 |              5 |
|  EXCLK_IBUF_BUFG | cpu0/mem_wb0/wb_rd_enable_reg_0[0]                                  | rst_repN_8                              |                3 |              5 |
|  EXCLK_IBUF_BUFG | cpu0/mem_wb0/E[0]                                                   | rst_repN_12                             |                2 |              5 |
|  EXCLK_IBUF_BUFG | cpu0/mem_wb0/wb_rd_addr_reg[2]_0[0]                                 | rst_repN_10                             |                1 |              5 |
|  EXCLK_IBUF_BUFG | hci0/uart_blk/uart_rx_blk/q_state[4]_i_1__0_n_0                     | rst_repN_6                              |                2 |              5 |
|  EXCLK_IBUF_BUFG | cpu0/mem_wb0/wb_rd_addr_reg[0]_0[0]                                 | rst_repN_10                             |                2 |              5 |
|  EXCLK_IBUF_BUFG | cpu0/mem_wb0/wb_rd_addr_reg[1]_3[0]                                 | rst_repN_10                             |                1 |              5 |
|  EXCLK_IBUF_BUFG | cpu0/mem_wb0/wb_rd_addr_reg[3]_0[0]                                 | rst_repN_8                              |                1 |              5 |
|  EXCLK_IBUF_BUFG | cpu0/mem_wb0/wb_rd_addr_reg[1]_4[0]                                 | rst_repN_10                             |                1 |              5 |
|  EXCLK_IBUF_BUFG | cpu0/mem_wb0/wb_rd_addr_reg[1]_5[0]                                 | rst_repN_12                             |                3 |              5 |
|  EXCLK_IBUF_BUFG | cpu0/mem_wb0/wb_rd_addr_reg[0]_3[0]                                 | rst_repN_12                             |                2 |              5 |
|  EXCLK_IBUF_BUFG | cpu0/mem_wb0/wb_rd_addr_reg[2]_5[0]                                 | rst_repN_10                             |                5 |              5 |
|  EXCLK_IBUF_BUFG | cpu0/mem_wb0/wb_rd_enable_reg_6[0]                                  | rst_repN_10                             |                3 |              5 |
|  EXCLK_IBUF_BUFG | cpu0/mem_wb0/wb_rd_addr_reg[2]_2[0]                                 | rst_repN_12                             |                2 |              5 |
|  EXCLK_IBUF_BUFG | cpu0/mem_wb0/wb_rd_addr_reg[1]_6[0]                                 | rst_repN_10                             |                3 |              5 |
|  EXCLK_IBUF_BUFG | cpu0/mem_wb0/wb_rd_enable_reg_3[0]                                  | rst_repN_8                              |                4 |              6 |
|  EXCLK_IBUF_BUFG | cpu0/mem_wb0/wb_rd_enable_reg_5[0]                                  | rst_repN_10                             |                1 |              6 |
|  EXCLK_IBUF_BUFG | cpu0/mem_wb0/wb_rd_enable_reg_4[0]                                  | rst_repN_12                             |                3 |              6 |
|  EXCLK_IBUF_BUFG | cpu0/mem_wb0/wb_rd_addr_reg[2]_0[0]                                 | rst_repN_7                              |                2 |              6 |
|  EXCLK_IBUF_BUFG | cpu0/mem_wb0/wb_rd_enable_reg_3[0]                                  | rst_repN_12                             |                2 |              6 |
|  EXCLK_IBUF_BUFG | cpu0/mem_wb0/wb_rd_addr_reg[2]_1[0]                                 | rst_repN_7                              |                3 |              6 |
|  EXCLK_IBUF_BUFG | cpu0/mem_wb0/wb_rd_addr_reg[2]_1[0]                                 | rst_repN_12                             |                3 |              6 |
|  EXCLK_IBUF_BUFG | cpu0/mem_wb0/wb_rd_enable_reg_3[0]                                  | rst_repN_10                             |                1 |              6 |
|  EXCLK_IBUF_BUFG | cpu0/mem_wb0/wb_rd_addr_reg[2]_0[0]                                 | rst_repN_8                              |                3 |              6 |
|  EXCLK_IBUF_BUFG | cpu0/mem_wb0/wb_rd_addr_reg[1]_0[0]                                 | rst_repN_10                             |                1 |              6 |
|  EXCLK_IBUF_BUFG | cpu0/mem_wb0/wb_rd_enable_reg_2[0]                                  | rst_repN_7                              |                2 |              6 |
|  EXCLK_IBUF_BUFG | cpu0/mem_wb0/wb_rd_addr_reg[2]_2[0]                                 | rst_repN_7                              |                3 |              6 |
|  EXCLK_IBUF_BUFG | cpu0/mem_wb0/wb_rd_addr_reg[1]_0[0]                                 | rst_repN_12                             |                2 |              6 |
|  EXCLK_IBUF_BUFG | cpu0/mem_wb0/wb_rd_addr_reg[1]_2[0]                                 | rst_repN_12                             |                4 |              6 |
|  EXCLK_IBUF_BUFG | cpu0/mem_wb0/wb_rd_addr_reg[1]_0[0]                                 | rst_repN_8                              |                5 |              6 |
|  EXCLK_IBUF_BUFG | cpu0/mem_wb0/wb_rd_addr_reg[1]_5[0]                                 | rst_repN_10                             |                1 |              6 |
|  EXCLK_IBUF_BUFG | cpu0/mem_wb0/wb_rd_addr_reg[1]_1[0]                                 | rst_repN_12                             |                2 |              6 |
|  EXCLK_IBUF_BUFG | cpu0/mem_wb0/wb_rd_enable_reg_4[0]                                  | rst_repN_7                              |                2 |              6 |
|  EXCLK_IBUF_BUFG | cpu0/mem_wb0/wb_rd_addr_reg[2]_6[0]                                 | rst_repN_10                             |                1 |              6 |
|  EXCLK_IBUF_BUFG | cpu0/mem_wb0/wb_rd_enable_reg_7[0]                                  | rst_repN_8                              |                6 |              6 |
|  EXCLK_IBUF_BUFG | cpu0/mem_wb0/wb_rd_addr_reg[3]_0[0]                                 | rst_repN_10                             |                2 |              6 |
|  EXCLK_IBUF_BUFG | cpu0/mem_wb0/wb_rd_addr_reg[1]_2[0]                                 | rst_repN_8                              |                5 |              6 |
|  EXCLK_IBUF_BUFG | cpu0/mem_wb0/wb_rd_addr_reg[2]_7[0]                                 | rst_repN_10                             |                2 |              6 |
|  EXCLK_IBUF_BUFG | cpu0/mem_wb0/wb_rd_enable_reg_7[0]                                  | rst_repN_7                              |                6 |              6 |
|  EXCLK_IBUF_BUFG | cpu0/mem_wb0/wb_rd_addr_reg[0]_1[0]                                 | rst_repN_12                             |                2 |              6 |
|  EXCLK_IBUF_BUFG | cpu0/mem_wb0/wb_rd_addr_reg[0]_0[0]                                 | rst_repN_8                              |                2 |              6 |
|  EXCLK_IBUF_BUFG | cpu0/mem_wb0/wb_rd_enable_reg_8[0]                                  | rst_repN_10                             |                3 |              6 |
|  EXCLK_IBUF_BUFG | cpu0/mem_wb0/wb_rd_enable_reg_7[0]                                  | rst_repN_12                             |                3 |              6 |
|  EXCLK_IBUF_BUFG | cpu0/mem_wb0/wb_rd_addr_reg[3]_0[0]                                 | rst_repN_12                             |                5 |              6 |
|  EXCLK_IBUF_BUFG | cpu0/mem_wb0/wb_rd_addr_reg[0]_2[0]                                 | rst_repN_10                             |                2 |              6 |
|  EXCLK_IBUF_BUFG | cpu0/mem_wb0/wb_rd_addr_reg[2]_8[0]                                 | rst_repN_12                             |                2 |              6 |
|  EXCLK_IBUF_BUFG | cpu0/mem_wb0/wb_rd_enable_reg_0[0]                                  | rst_repN_7                              |                2 |              6 |
|  EXCLK_IBUF_BUFG | cpu0/mem_wb0/wb_rd_addr_reg[2]_2[0]                                 | rst_repN_10                             |                4 |              6 |
|  EXCLK_IBUF_BUFG | cpu0/mem_wb0/wb_rd_enable_reg_0[0]                                  | rst_repN_12                             |                2 |              6 |
|  EXCLK_IBUF_BUFG | cpu0/mem_wb0/wb_rd_enable_reg_0[0]                                  | rst_repN_10                             |                3 |              6 |
|  EXCLK_IBUF_BUFG | cpu0/mem_ctrl0/rst_reg[0]                                           | rst_repN_2                              |                3 |              6 |
|  EXCLK_IBUF_BUFG | cpu0/mem_wb0/wb_rd_addr_reg[0]_1[0]                                 | rst_repN_8                              |                3 |              6 |
|  EXCLK_IBUF_BUFG | cpu0/mem_wb0/wb_rd_addr_reg[1]_1[0]                                 | rst_repN_7                              |                1 |              6 |
|  EXCLK_IBUF_BUFG | cpu0/mem_wb0/wb_rd_addr_reg[1]_0[0]                                 | rst_repN_7                              |                2 |              7 |
|  EXCLK_IBUF_BUFG | cpu0/mem_wb0/wb_rd_addr_reg[1]_2[0]                                 | rst_repN_10                             |                6 |              7 |
|  EXCLK_IBUF_BUFG | cpu0/mem_wb0/wb_rd_enable_reg_4[0]                                  | rst_repN_8                              |                2 |              7 |
|  EXCLK_IBUF_BUFG | cpu0/mem_wb0/wb_rd_addr_reg[1]_2[0]                                 | rst_repN_7                              |                7 |              7 |
|  EXCLK_IBUF_BUFG | cpu0/mem_wb0/wb_rd_enable_reg_2[0]                                  | rst_repN_8                              |                3 |              7 |
|  EXCLK_IBUF_BUFG | cpu0/mem_wb0/wb_rd_enable_reg_3[0]                                  | rst_repN_7                              |                2 |              7 |
|  EXCLK_IBUF_BUFG | cpu0/mem_wb0/wb_rd_addr_reg[2]_2[0]                                 | rst_repN_8                              |                4 |              7 |
|  EXCLK_IBUF_BUFG | cpu0/mem_wb0/wb_rd_addr_reg[3]_0[0]                                 | rst_repN_7                              |                3 |              7 |
|  EXCLK_IBUF_BUFG | cpu0/mem_wb0/wb_rd_addr_reg[1]_1[0]                                 | rst_repN_8                              |                1 |              7 |
|  EXCLK_IBUF_BUFG | cpu0/mem_wb0/wb_rd_addr_reg[0]_0[0]                                 | rst_repN_12                             |                3 |              7 |
|  EXCLK_IBUF_BUFG | cpu0/mem_wb0/wb_rd_addr_reg[0]_0[0]                                 | rst_repN_7                              |                2 |              7 |
|  EXCLK_IBUF_BUFG | cpu0/mem_wb0/wb_rd_addr_reg[2]_4[0]                                 | rst_repN_10                             |                4 |              7 |
|  EXCLK_IBUF_BUFG | cpu0/mem_wb0/wb_rd_enable_reg_1[0]                                  | rst_repN_8                              |                2 |              7 |
|  EXCLK_IBUF_BUFG | cpu0/mem_wb0/wb_rd_enable_reg_1[0]                                  | rst_repN_7                              |                3 |              7 |
|  EXCLK_IBUF_BUFG | cpu0/mem_wb0/wb_rd_enable_reg_1[0]                                  | rst_repN_12                             |                3 |              7 |
|  EXCLK_IBUF_BUFG | cpu0/mem_wb0/E[0]                                                   | rst_repN_8                              |                5 |              7 |
|  EXCLK_IBUF_BUFG | cpu0/mem_wb0/wb_rd_addr_reg[2]_0[0]                                 | rst_repN_12                             |                4 |              7 |
|  EXCLK_IBUF_BUFG | cpu0/mem_wb0/wb_rd_addr_reg[2]_1[0]                                 | rst_repN_8                              |                1 |              7 |
|  EXCLK_IBUF_BUFG |                                                                     | hci0/uart_blk/uart_rx_fifo/SR[0]        |                1 |              8 |
|  EXCLK_IBUF_BUFG |                                                                     | hci0/uart_blk/uart_rx_fifo/rst_reg_0[0] |                4 |              8 |
|  EXCLK_IBUF_BUFG | cpu0/mem_ctrl0/data_to_mem[7]_i_1_n_0                               |                                         |                7 |              8 |
|  EXCLK_IBUF_BUFG | hci0/uart_blk/uart_rx_fifo/FSM_sequential_q_state_reg[0]            | rst_repN_4                              |                6 |              8 |
|  EXCLK_IBUF_BUFG | hci0/FSM_sequential_q_state_reg[3]_1                                | hci0/status_reg[0]_0                    |                3 |              8 |
|  EXCLK_IBUF_BUFG | hci0/FSM_sequential_q_state_reg[3]_0                                | hci0/status_reg[0]                      |                3 |              8 |
|  EXCLK_IBUF_BUFG | hci0/FSM_sequential_q_state_reg[3]_2                                | hci0/status_reg[0]_1                    |                4 |              8 |
|  EXCLK_IBUF_BUFG | hci0/FSM_sequential_q_state_reg[3]_3                                | hci0/status_reg[0]_2                    |                3 |              8 |
|  EXCLK_IBUF_BUFG | hci0/uart_blk/uart_rx_fifo/q_decode_cnt_reg[0]                      | rst_repN_4                              |                4 |              8 |
|  EXCLK_IBUF_BUFG | hci0/uart_blk/uart_rx_fifo/E[0]                                     | rst_repN_4                              |                5 |              8 |
|  EXCLK_IBUF_BUFG | hci0/uart_blk/uart_rx_blk/d_data                                    | rst_repN_4                              |                2 |              8 |
|  EXCLK_IBUF_BUFG | hci0/uart_blk/uart_tx_blk/d_data                                    | rst_repN_6                              |                2 |              8 |
|  EXCLK_IBUF_BUFG |                                                                     | cpu0/mem_ctrl0/SR[0]                    |                4 |              8 |
|  EXCLK_IBUF_BUFG | cpu0/mem_wb0/wb_rd_addr_reg[2]_8[0]                                 | rst_repN_7                              |                5 |              8 |
|  EXCLK_IBUF_BUFG | hci0/uart_blk/uart_rx_fifo/E[1]                                     | rst_repN_4                              |                4 |              9 |
|  EXCLK_IBUF_BUFG | cpu0/mem_ctrl0/_stallreq_reg[0]                                     | rst_repN_1                              |                4 |              9 |
|  EXCLK_IBUF_BUFG | cpu0/mem_wb0/wb_rd_addr_reg[2]_6[0]                                 | rst_repN_7                              |                3 |              9 |
|  EXCLK_IBUF_BUFG | cpu0/mem_wb0/wb_rd_addr_reg[1]_6[0]                                 | rst_repN_7                              |                7 |             10 |
|  EXCLK_IBUF_BUFG | cpu0/mem_wb0/wb_rd_addr_reg[1]_4[0]                                 | rst_repN_7                              |                4 |             10 |
|  EXCLK_IBUF_BUFG | cpu0/mem_wb0/wb_rd_addr_reg[1]_3[0]                                 | rst_repN_7                              |                6 |             10 |
|  EXCLK_IBUF_BUFG | cpu0/mem_wb0/wb_rd_addr_reg[2]_4[0]                                 | rst_repN_7                              |                5 |             10 |
|  EXCLK_IBUF_BUFG | hci0/uart_blk/uart_tx_fifo/wr_en_prot                               | rst_repN_6                              |                3 |             10 |
|  EXCLK_IBUF_BUFG | cpu0/mem_wb0/wb_rd_addr_reg[1]_5[0]                                 | rst_repN_7                              |                5 |             10 |
|  EXCLK_IBUF_BUFG | cpu0/mem_wb0/wb_rd_addr_reg[2]_5[0]                                 | rst_repN_7                              |                6 |             10 |
|  EXCLK_IBUF_BUFG | cpu0/mem_wb0/wb_rd_addr_reg[2]_7[0]                                 | rst_repN_7                              |                5 |             10 |
|  EXCLK_IBUF_BUFG | cpu0/mem_wb0/wb_rd_addr_reg[0]_3[0]                                 | rst_repN_7                              |                3 |             10 |
|  EXCLK_IBUF_BUFG | hci0/io_in_fifo/rd_en_prot                                          | rst_repN_4                              |                3 |             10 |
|  EXCLK_IBUF_BUFG |                                                                     |                                         |                8 |             10 |
|  EXCLK_IBUF_BUFG | cpu0/mem_ctrl0/cache0/p_1_in                                        | rst_repN_2                              |                6 |             10 |
|  EXCLK_IBUF_BUFG | cpu0/mem_wb0/wb_rd_addr_reg[0]_2[0]                                 | rst_repN_7                              |                5 |             10 |
|  EXCLK_IBUF_BUFG | cpu0/mem_wb0/wb_rd_addr_reg[2]_3[0]                                 | rst_repN_7                              |                8 |             10 |
|  EXCLK_IBUF_BUFG | hci0/uart_blk/uart_tx_blk/rd_en_prot                                | rst_repN_6                              |                3 |             10 |
|  EXCLK_IBUF_BUFG | cpu0/mem_wb0/wb_rd_enable_reg_6[0]                                  | rst_repN_7                              |                4 |             10 |
|  EXCLK_IBUF_BUFG | hci0/io_in_fifo/wr_en_prot                                          | rst_repN_6                              |                4 |             10 |
|  EXCLK_IBUF_BUFG | cpu0/mem_wb0/wb_rd_enable_reg_5[0]                                  | rst_repN_7                              |                4 |             10 |
|  EXCLK_IBUF_BUFG | cpu0/mem_wb0/wb_rd_enable_reg_8[0]                                  | rst_repN_7                              |                5 |             11 |
|  EXCLK_IBUF_BUFG | hci0/io_in_fifo/q_data_array_reg_704_767_0_2_i_1_n_0                |                                         |                3 |             12 |
|  EXCLK_IBUF_BUFG | hci0/io_in_fifo/q_data_array_reg_832_895_0_2_i_1_n_0                |                                         |                3 |             12 |
|  EXCLK_IBUF_BUFG | hci0/io_in_fifo/q_data_array_reg_768_831_0_2_i_1_n_0                |                                         |                3 |             12 |
|  EXCLK_IBUF_BUFG | hci0/uart_blk/uart_tx_fifo/q_data_array_reg_0_63_0_2_i_1__0_n_0     |                                         |                3 |             12 |
|  EXCLK_IBUF_BUFG | hci0/uart_blk/uart_tx_fifo/q_data_array_reg_448_511_0_2_i_1__0_n_0  |                                         |                3 |             12 |
|  EXCLK_IBUF_BUFG | hci0/uart_blk/uart_tx_fifo/q_data_array_reg_192_255_0_2_i_1__0_n_0  |                                         |                3 |             12 |
|  EXCLK_IBUF_BUFG | hci0/io_in_fifo/q_data_array_reg_576_639_0_2_i_1_n_0                |                                         |                3 |             12 |
|  EXCLK_IBUF_BUFG | hci0/uart_blk/uart_tx_fifo/q_data_array_reg_512_575_0_2_i_1__0_n_0  |                                         |                3 |             12 |
|  EXCLK_IBUF_BUFG | hci0/uart_blk/uart_tx_fifo/q_data_array_reg_128_191_0_2_i_1__0_n_0  |                                         |                3 |             12 |
|  EXCLK_IBUF_BUFG | hci0/uart_blk/uart_tx_fifo/q_data_array_reg_256_319_0_2_i_1__0_n_0  |                                         |                3 |             12 |
|  EXCLK_IBUF_BUFG | hci0/uart_blk/uart_tx_fifo/q_data_array_reg_320_383_0_2_i_1__0_n_0  |                                         |                3 |             12 |
|  EXCLK_IBUF_BUFG | hci0/uart_blk/uart_tx_fifo/q_data_array_reg_384_447_0_2_i_1__0_n_0  |                                         |                3 |             12 |
|  EXCLK_IBUF_BUFG | hci0/uart_blk/uart_tx_fifo/q_data_array_reg_576_639_0_2_i_1__0_n_0  |                                         |                3 |             12 |
|  EXCLK_IBUF_BUFG | hci0/uart_blk/uart_tx_fifo/q_data_array_reg_64_127_0_2_i_1__0_n_0   |                                         |                3 |             12 |
|  EXCLK_IBUF_BUFG | hci0/uart_blk/uart_tx_fifo/q_data_array_reg_768_831_0_2_i_1__0_n_0  |                                         |                3 |             12 |
|  EXCLK_IBUF_BUFG | hci0/uart_blk/uart_tx_fifo/q_data_array_reg_896_959_0_2_i_1__0_n_0  |                                         |                3 |             12 |
|  EXCLK_IBUF_BUFG | hci0/uart_blk/uart_tx_fifo/q_data_array_reg_832_895_0_2_i_1__0_n_0  |                                         |                3 |             12 |
|  EXCLK_IBUF_BUFG | hci0/uart_blk/uart_tx_fifo/q_data_array_reg_960_1023_0_2_i_1__0_n_0 |                                         |                3 |             12 |
|  EXCLK_IBUF_BUFG | hci0/uart_blk/uart_tx_fifo/q_data_array_reg_704_767_0_2_i_1__0_n_0  |                                         |                3 |             12 |
|  EXCLK_IBUF_BUFG | hci0/io_in_fifo/q_data_array_reg_128_191_0_2_i_1_n_0                |                                         |                3 |             12 |
|  EXCLK_IBUF_BUFG | hci0/io_in_fifo/q_data_array_reg_192_255_0_2_i_1_n_0                |                                         |                3 |             12 |
|  EXCLK_IBUF_BUFG | hci0/io_in_fifo/q_data_array_reg_0_63_0_2_i_1_n_0                   |                                         |                3 |             12 |
|  EXCLK_IBUF_BUFG | hci0/io_in_fifo/q_data_array_reg_640_703_0_2_i_1_n_0                |                                         |                3 |             12 |
|  EXCLK_IBUF_BUFG | hci0/io_in_fifo/q_data_array_reg_320_383_0_2_i_1_n_0                |                                         |                3 |             12 |
|  EXCLK_IBUF_BUFG | hci0/io_in_fifo/q_data_array_reg_384_447_0_2_i_1_n_0                |                                         |                3 |             12 |
|  EXCLK_IBUF_BUFG | hci0/io_in_fifo/q_data_array_reg_256_319_0_2_i_1_n_0                |                                         |                3 |             12 |
|  EXCLK_IBUF_BUFG | hci0/io_in_fifo/q_data_array_reg_512_575_0_2_i_1_n_0                |                                         |                3 |             12 |
|  EXCLK_IBUF_BUFG | hci0/uart_blk/uart_tx_fifo/q_data_array_reg_640_703_0_2_i_1__0_n_0  |                                         |                3 |             12 |
|  EXCLK_IBUF_BUFG | hci0/io_in_fifo/q_data_array_reg_448_511_0_2_i_1_n_0                |                                         |                3 |             12 |
|  EXCLK_IBUF_BUFG | hci0/io_in_fifo/q_data_array_reg_64_127_0_2_i_1_n_0                 |                                         |                3 |             12 |
|  EXCLK_IBUF_BUFG | hci0/io_in_fifo/q_data_array_reg_960_1023_0_2_i_1_n_0               |                                         |                3 |             12 |
|  EXCLK_IBUF_BUFG | hci0/io_in_fifo/q_data_array_reg_896_959_0_2_i_1_n_0                |                                         |                3 |             12 |
|  EXCLK_IBUF_BUFG | cpu0/mem_ctrl0/rst_reg[0]                                           | rst_repN_3                              |                7 |             14 |
|  EXCLK_IBUF_BUFG |                                                                     | btnC_IBUF                               |                8 |             15 |
|  EXCLK_IBUF_BUFG | hci0/uart_blk/uart_rx_blk/p_0_in                                    |                                         |                2 |             16 |
|  EXCLK_IBUF_BUFG | cpu0/mem_ctrl0/_stallreq_reg[0]                                     | rst_repN                                |                8 |             18 |
|  EXCLK_IBUF_BUFG | cpu0/mem_ctrl0/addr_to_mem[17]_i_1_n_0                              |                                         |               17 |             18 |
|  EXCLK_IBUF_BUFG | cpu0/mem_ctrl0/cache0/p_1_in                                        | rst_repN                                |                6 |             21 |
|  EXCLK_IBUF_BUFG | cpu0/mem_ctrl0/rst_reg[0]                                           | rst_repN_4                              |               15 |             28 |
|  EXCLK_IBUF_BUFG | cpu0/mem_ctrl0/cache0/rst_reg[0]                                    | rst_repN                                |                8 |             31 |
|  EXCLK_IBUF_BUFG |                                                                     | rst_repN_6                              |               16 |             32 |
|  EXCLK_IBUF_BUFG | hci0/q_cpu_cycle_cnt[0]_i_1_n_0                                     | rst_repN_6                              |                8 |             32 |
|  EXCLK_IBUF_BUFG | cpu0/mem_ctrl0/cache0/E[0]                                          | rst_repN_4                              |                7 |             32 |
|  EXCLK_IBUF_BUFG | hci0/E[0]                                                           | rst_repN_4                              |                7 |             32 |
|  EXCLK_IBUF_BUFG |                                                                     | rst_repN_4                              |               19 |             33 |
|  EXCLK_IBUF_BUFG | cpu0/mem_ctrl0/rst_reg[0]                                           | cpu0/mem_wb0/wb_rd_data0_n_0            |               18 |             38 |
|  EXCLK_IBUF_BUFG | cpu0/mem_ctrl0/rst_reg[0]                                           | rst_repN_1                              |               35 |             60 |
|  EXCLK_IBUF_BUFG | cpu0/mem_ctrl0/rst_reg[0]                                           | rst_repN                                |               20 |             62 |
|  EXCLK_IBUF_BUFG | cpu0/id_ex0/ex_jmp_addr[31]_i_1_n_0                                 |                                         |               25 |             62 |
|  EXCLK_IBUF_BUFG |                                                                     | rst_repN_2                              |               20 |             63 |
|  EXCLK_IBUF_BUFG |                                                                     | rst_repN_3                              |               25 |             69 |
|  EXCLK_IBUF_BUFG | cpu0/mem_ctrl0/cache0/p_1_in                                        | cpu0/mem_ctrl0/cache0/rst_reg_0[0]      |               27 |             94 |
|  EXCLK_IBUF_BUFG |                                                                     | rst_repN_11                             |               43 |            152 |
|  EXCLK_IBUF_BUFG | cpu0/mem_ctrl0/cache0/entry_reg_0_255_0_0_i_1_n_0                   |                                         |               39 |            156 |
+------------------+---------------------------------------------------------------------+-----------------------------------------+------------------+----------------+


