Vivado Simulator 2019.1
Time resolution is 1 ps
TESTCASE           1: 13604 + 24193 = 37797 carry: 0
TESTCASE           2: 54793 + 22115 = 11372 carry: 1
TESTCASE           3: 31501 + 39309 =  5274 carry: 1
TESTCASE           4: 33893 + 21010 = 54903 carry: 0
TESTCASE           5: 58113 + 52493 = 45070 carry: 1
TESTCASE           6: 61814 + 52541 = 48819 carry: 1
TESTCASE           7: 22509 + 63372 = 20345 carry: 1
TESTCASE           8: 59897 +  9414 =  3775 carry: 1
TESTCASE           9: 33989 + 53930 = 22383 carry: 1
TESTCASE          10: 63461 + 29303 = 27228 carry: 1
TESTCASE          11: 54802 + 56207 = 45473 carry: 1
TESTCASE          12: 27122 + 38606 =   192 carry: 1
TESTCASE          13: 31464 + 20165 = 51629 carry: 0
TESTCASE          14: 18780 + 10429 = 29209 carry: 0
TESTCASE          15: 22573 +  9829 = 32402 carry: 0
TESTCASE          16: 25187 + 34570 = 59757 carry: 0
TESTCASE          17:  8832 +  8480 = 17312 carry: 0
TESTCASE          18: 17834 + 52381 =  4679 carry: 1
TESTCASE          19: 16022 + 47123 = 63145 carry: 0
TESTCASE          20: 14349 + 54867 =  3680 carry: 1
TESTCASE          21: 56683 + 10965 =  2112 carry: 1
TESTCASE          22: 18946 + 16046 = 34992 carry: 0
TESTCASE          23: 59677 + 29391 = 23532 carry: 1
TESTCASE          24: 18723 + 25866 = 44589 carry: 0
TESTCASE          25:  2762 + 19516 = 22278 carry: 0
TESTCASE          26: 48626 + 24970 =  8060 carry: 1
TESTCASE          27: 45889 + 13528 = 59417 carry: 0
TESTCASE          28: 62328 +  4745 =  1537 carry: 1
TESTCASE          29:  3563 + 26038 = 29601 carry: 0
TESTCASE          30: 63942 +  5038 =  3444 carry: 1
TESTCASE          31:   700 + 56618 = 57318 carry: 0
TESTCASE          32: 39435 + 48753 = 22652 carry: 1
TESTCASE          33: 16773 + 21839 = 38612 carry: 0
TESTCASE          34: 24635 + 13114 = 37749 carry: 0
TESTCASE          35: 12926 + 19221 = 32147 carry: 0
TESTCASE          36: 39921 + 19417 = 59338 carry: 0
TESTCASE          37:  1890 + 64332 =   686 carry: 1
TESTCASE          38: 21919 + 41359 = 63278 carry: 0
TESTCASE          39: 43512 + 24759 =  2735 carry: 1
TESTCASE          40: 22175 + 37980 = 60155 carry: 0
TESTCASE          41: 49243 + 14217 = 63460 carry: 0
TESTCASE          42: 12873 + 16080 = 28953 carry: 0
TESTCASE          43: 49367 + 64593 = 48424 carry: 1
TESTCASE          44: 12182 + 32524 = 44706 carry: 0
TESTCASE          45: 52930 + 60872 = 48266 carry: 1
TESTCASE          46: 23159 + 60733 = 18356 carry: 1
TESTCASE          47: 56082 +   126 = 56208 carry: 0
TESTCASE          48: 33133 + 59193 = 26790 carry: 1
TESTCASE          49: 36639 + 63187 = 34290 carry: 1
TESTCASE          50: 12165 + 34936 = 47101 carry: 0
TESTCASE          51: 22875 + 19273 = 42148 carry: 0
TESTCASE          52: 44607 + 44842 = 23913 carry: 1
TESTCASE          53: 25432 + 14470 = 39902 carry: 0
TESTCASE          54:  3214 + 62108 = 65322 carry: 0
TESTCASE          55: 39418 + 48166 = 22048 carry: 1
TESTCASE          56:  6003 + 46243 = 52246 carry: 0
TESTCASE          57: 43055 + 37555 = 15074 carry: 1
TESTCASE          58: 22111 +  3396 = 25507 carry: 0
TESTCASE          59: 65015 + 14027 = 13506 carry: 1
TESTCASE          60:  6886 + 56154 = 63040 carry: 0
TESTCASE          61: 49449 + 58093 = 42006 carry: 1
TESTCASE          62: 27866 + 46693 =  9023 carry: 1
TESTCASE          63: 58037 + 38111 = 30612 carry: 1
TESTCASE          64:  6521 + 65348 =  6333 carry: 1
TESTCASE          65:  3280 +  2858 =  6138 carry: 0
TESTCASE          66: 44459 + 53006 = 31929 carry: 1
TESTCASE          67: 44508 + 48282 = 27254 carry: 1
TESTCASE          68: 29437 +   707 = 30144 carry: 0
TESTCASE          69: 60758 + 59726 = 54948 carry: 1
TESTCASE          70: 30311 + 13322 = 43633 carry: 0
TESTCASE          71: 47542 + 35384 = 17390 carry: 1
TESTCASE          72: 34681 + 50360 = 19505 carry: 1
TESTCASE          73: 49044 + 23955 =  7463 carry: 1
TESTCASE          74: 11268 + 51801 = 63069 carry: 0
TESTCASE          75: 27099 + 56909 = 18472 carry: 1
TESTCASE          76: 47065 +  9837 = 56902 carry: 0
TESTCASE          77