#-----------------------------------------------------------
# Vivado v2019.2 (64-bit)
# SW Build 2708876 on Wed Nov  6 21:40:23 MST 2019
# IP Build 2700528 on Thu Nov  7 00:09:20 MST 2019
# Start of session at: Sun Nov 24 14:59:50 2019
# Process ID: 3092
# Current directory: C:/Users/zhang/Documents/计算机系统/ComputerArch2019/RISCV_CPU
# Command line: vivado.exe -gui_launcher_event rodinguilauncherevent11692 C:\Users\zhang\Documents\计算机系统\ComputerArch2019\RISCV_CPU\RISCV_CPU.xpr
# Log file: C:/Users/zhang/Documents/计算机系统/ComputerArch2019/RISCV_CPU/vivado.log
# Journal file: C:/Users/zhang/Documents/计算机系统/ComputerArch2019/RISCV_CPU\vivado.jou
#-----------------------------------------------------------
start_guioopen_project C:/Users/zhang/Documents/计算机系统/ComputerArch2019/RISCV_CPU/RISCV_CPU.xpr
Scanning sources...
Finished scanning sources
INFO: [IP_Flow 19-234] Refreshing IP repositories
INFO: [IP_Flow 19-1704] No user IP repositories specified
INFO: [IP_Flow 19-2313] Loaded Vivado IP repository 'C:/Xilinx/Vivado/2019.2/data/ip'.
open_project: Time (s): cpu = 00:00:20 ; elapsed = 00:00:08 . Memory (MB): peak = 802.254 ; gain = 166.996
pdate_compile_order -fileset sources_1
exit
INFO: [Common 17-206] Exiting Vivado at Sun Nov 24 15:00:22 2019...
