#-----------------------------------------------------------
# Vivado v2019.2 (64-bit)
# SW Build 2708876 on Wed Nov  6 21:40:23 MST 2019
# IP Build 2700528 on Thu Nov  7 00:09:20 MST 2019
# Start of session at: Sun Nov 24 16:09:04 2019
# Process ID: 5588
# Current directory: C:/Users/zhang/Documents/计算机系统/ComputerArch2019/RISCV_CPU
# Command line: vivado.exe -gui_launcher_event rodinguilauncherevent12320 C:\Users\zhang\Documents\计算机系统\ComputerArch2019\RISCV_CPU\RISCV_CPU.xpr
# Log file: C:/Users/zhang/Documents/计算机系统/ComputerArch2019/RISCV_CPU/vivado.log
# Journal file: C:/Users/zhang/Documents/计算机系统/ComputerArch2019/RISCV_CPU\vivado.jou
#-----------------------------------------------------------
start_gui
open_project C:/Users/zhang/Documents/计算机系统/ComputerArch2019/RISCV_CPU/RISCV_CPU.xpr
Scanning sources...
Finished scanning sources
INFO: [IP_Flow 19-234] Refreshing IP repositories
INFO: [IP_Flow 19-1704] No user IP repositories specified
INFO: [Common 17-41] Interrupt caught. Command should exit soon.
INFO: [IP_Flow 19-2313] Loaded Vivado IP repository 'C:/Xilinx/Vivado/2019.2/data/ip'.
INFO: [IP_Flow 19-2338] Canceling the changupdate_compile_order -fileset sources_1
launch_simulation -simset [get_filesets sim_2 ]
Command: launch_simulation -simset sim_2
INFO: [Vivado 12-5682] Launching behavioral simulation in 'C:/Users/zhang/Documents/计算机系统/ComputerArch2019/RISCV_CPU/RISCV_CPU.sim/sim_2/behav/xsim'
INFO: [SIM-utils-51] Simulation object is 'sim_2'
INFO: [SIM-utils-54] Inspecting design source files for 'min_sopc_test' in fileset 'sim_2'...
INFO: [SIM-utils-43] Exported 'C:/Users/zhang/Documents/计算机系统/ComputerArch2019/RISCV_CPU/RISCV_CPU.sim/sim_2/behav/xsim/inst.data'
INFO: [SIM-utils-43] Exported 'C:/Users/zhang/Documents/计算机系统/ComputerArch2019/RISCV_CPU/RISCV_CPU.sim/sim_2/behav/xsim/forward_test1.data'
INFO: [SIM-utils-43] Exported 'C:/Users/zhang/Documents/计算机系统/ComputerArch2019/RISCV_CPU/RISCV_CPU.sim/sim_2/behav/xsim/arith_test1.data'
INFO: [SIM-utils-43] Exported 'C:/Users/zhang/Documents/计算机系统/ComputerArch2019/RISCV_CPU/RISCV_CPU.sim/sim_2/behav/xsim/save_test.data'
INFO: [SIM-utils-43] Exported 'C:/Users/zhang/Documents/计算机系统/ComputerArch2019/RISCV_CPU/RISCV_CPU.sim/sim_2/behav/xsim/load_store_test1.data'
INFO: [SIM-utils-43] Exported 'C:/Users/zhang/Documents/计算机系统/ComputerArch2019/RISCV_CPU/RISCV_CPU.sim/sim_2/behav/xsim/jal.data'
INFO: [SIM-utils-43] Exported 'C:/Users/zhang/Documents/计算机系统/ComputerArch2019/RISCV_CPU/RISCV_CPU.sim/sim_2/behav/xsim/save_test.data'
INFO: [SIM-utils-43] Exported 'C:/Users/zhang/Documents/计算机系统/ComputerArch2019/RISCV_CPU/RISCV_CPU.sim/sim_2/behav/xsim/load_store_test1.data'
INFO: [SIM-utils-43] Exported 'C:/Users/zhang/Documents/计算机系统/ComputerArch2019/RISCV_CPU/RISCV_CPU.sim/sim_2/behav/xsim/jal.data'
INFO: [USF-XSim-97] Finding global include files...
INFO: [USF-XSim-98] Fetching design files from 'sim_2'...
INFO: [USF-XSim-2] XSim::Compile design
INFO: [USF-XSim-61] Executing 'COMPILE and ANALYZE' step in 'C:/Users/zhang/Documents/计算机系统/ComputerArch2019/RISCV_CPU/RISCV_CPU.sim/sim_2/behav/xsim'
"xvlog --relax -prj min_sopc_test_vlog.prj"
INFO: [VRFC 10-2263] Analyzing Verilog file "C:/Users/zhang/Documents/计算机系统/ComputerArch2019/RISCV_CPU/RISCV_CPU.srcs/sources_1/new/config.v" into library xil_defaultlib
INFO: [VRFC 10-2263] Analyzing Verilog file "C:/Users/zhang/Documents/计算机系统/ComputerArch2019/RISCV_CPU/src/common/block_ram/block_ram.v" into library xil_defaultlib
INFO: [VRFC 10-311] analyzing module dual_port_ram_sync
INFO: [VRFC 10-311] analyzing module single_port_ram_sync
INFO: [VRFC 10-2263] Analyzing Verilog file "C:/Users/zhang/Documents/计算机系统/ComputerArch2019/RISCV_CPU/src/cpu.v" into library xil_defaultlib
INFO: [VRFC 10-311] analyzing module cpu
INFO: [VRFC 10-2458] undeclared symbol prediction_addr_i, assumed default net type wire [C:/Users/zhang/Documents/计算机系统/ComputerArch2019/RISCV_CPU/src/cpu.v:138]
INFO: [VRFC 10-2458] undeclared symbol prediction_addr_o, assumed default net type wire [C:/Users/zhang/Documents/计算机系统/ComputerArch2019/RISCV_CPU/src/cpu.v:138]
INFO: [VRFC 10-2263] Analyzing Verilog file "C:/Users/zhang/Documents/计算机系统/ComputerArch2019/RISCV_CPU/RISCV_CPU.srcs/sources_1/new/ctrl.v" into library xil_defaultlib
INFO: [VRFC 10-311] analyzing module ctrl
INFO: [VRFC 10-2263] Analyzing Verilog file "C:/Users/zhang/Documents/计算机系统/ComputerArch2019/RISCV_CPU/RISCV_CPU.srcs/sources_1/new/ex.v" into library xil_defaultlib
INFO: [VRFC 10-311] analyzing module ex
INFO: [VRFC 10-2263] Analyzing Verilog file "C:/Users/zhang/Documents/计算机系统/ComputerArch2019/RISCV_CPU/RISCV_CPU.srcs/sources_1/new/ex_mem.v" into library xil_defaultlib
INFO: [VRFC 10-311] analyzing module ex_mem
INFO: [VRFC 10-2263] Analyzing Verilog file "C:/Users/zhang/Documents/计算机系统/ComputerArch2019/RISCV_CPU/RISCV_CPU.srcs/sources_1/new/id.v" into library xil_defaultlib
INFO: [VRFC 10-311] analyzing module id
INFO: [VRFC 10-2263] Analyzing Verilog file "C:/Users/zhang/Documents/计算机系统/ComputerArch2019/RISCV_CPU/RISCV_CPU.srcs/sources_1/new/id_ex.v" into library xil_defaultlib
INFO: [VRFC 10-311] analyzing module id_ex
INFO: [VRFC 10-2263] Analyzing Verilog file "C:/Users/zhang/Documents/计算机系统/ComputerArch2019/RISCV_CPU/RISCV_CPU.srcs/sources_1/new/if.v" into library xil_defaultlib
INFO: [VRFC 10-311] analyzing module if_stage
INFO: [VRFC 10-2458] undeclared symbol is_jalr, assumed default net type wire [C:/Users/zhang/Documents/计算机系统/ComputerArch2019/RISCV_CPU/RISCV_CPU.srcs/sources_1/new/if.v:43]
INFO: [VRFC 10-2263] Analyzing Verilog file "C:/Users/zhang/Documents/计算机系统/ComputerArch2019/RISCV_CPU/RISCV_CPU.srcs/sources_1/new/if_id.v" into library xil_defaultlib
INFO: [VRFC 10-311] analyzing module if_id
INFO: [VRFC 10-2263] Analyzing Verilog file "C:/Users/zhang/Documents/计算机系统/ComputerArch2019/RISCV_CPU/RISCV_CPU.srcs/sources_1/new/mem.v" into library xil_defaultlib
INFO: [VRFC 10-311] analyzing module mem
INFO: [VRFC 10-2263] Analyzing Verilog file "C:/Users/zhang/Documents/计算机系统/ComputerArch2019/RISCV_CPU/RISCV_CPU.srcs/sources_1/new/mem_ctrl.v" into library xil_defaultlib
INFO: [VRFC 10-311] analyzing module mem_ctrl
INFO: [VRFC 10-2263] Analyzing Verilog file "C:/Users/zhang/Documents/计算机系统/ComputerArch2019/RISCV_CPU/RISCV_CPU.srcs/sources_1/new/mem_wb.v" into library xil_defaultlib
INFO: [VRFC 10-311] analyzing module mem_wb
INFO: [VRFC 10-2263] Analyzing Verilog file "C:/Users/zhang/Documents/计算机系统/ComputerArch2019/RISCV_CPU/RISCV_CPU.srcs/sources_1/new/min_sopc.v" into library xil_defaultlib
INFO: [VRFC 10-311] analyzing module min_sopc
INFO: [VRFC 10-2263] Analyzing Verilog file "C:/Users/zhang/Documents/计算机系统/ComputerArch2019/RISCV_CPU/RISCV_CPU.srcs/sources_1/new/pc_reg.v" into library xil_defaultlib
INFO: [VRFC 10-311] analyzing module pc_reg
INFO: [VRFC 10-2263] Analyzing Verilog file "C:/Users/zhang/Documents/计算机系统/ComputerArch2019/RISCV_CPU/src/ram.v" into library xil_defaultlib
INFO: [VRFC 10-311] analyzing module ram
INFO: [VRFC 10-2263] Analyzing Verilog file "C:/Users/zhang/Documents/计算机系统/ComputerArch2019/RISCV_CPU/RISCV_CPU.srcs/sources_1/new/register.v" into library xil_defaultlib
INFO: [VRFC 10-311] analyzing module register
INFO: [VRFC 10-2263] Analyzing Verilog file "C:/Users/zhang/Documents/计算机系统/ComputerArch2019/RISCV_CPU/RISCV_CPU.srcs/sources_1/new/min_sopc_test.v" into library xil_defaultlib
INFO: [VRFC 10-311] analyzing module min_sopc_test
INFO: [VRFC 10-2263] Analyzing Verilog file "C:/Users/zhang/Documents/计算机系统/ComputerArch2019/RISCV_CPU/RISCV_CPU.sim/sim_2/behav/xsim/glbl.v" into library xil_defaultlib
INFO: [VRFC 10-311] analyzing module glbl
INFO: [USF-XSim-69] 'compile' step finished in '4' seconds
INFO: [USF-XSim-3] XSim::Elaborate design
INFO: [USF-XSim-61] Executing 'ELABORATE' step in 'C:/Users/zhang/Documents/计算机系统/ComputerArch2019/RISCV_CPU/RISCV_CPU.sim/sim_2/behav/xsim'
"xelab -wto aa429414c4cf43869f53064022eb3ec6 --debug typical --relax --mt 2 -L xil_defaultlib -L unisims_ver -L unimacro_ver -L secureip --snapshot min_sopc_test_behav xil_defaultlib.min_sopc_test xil_defaultlib.glbl -log elaborate.log"
Vivado Simulator 2019.2
Copyright 1986-1999, 2001-2019 Xilinx, Inc. All Rights Reserved.
Running: C:/Xilinx/Vivado/2019.2/bin/unwrapped/win64.o/xelab.exe -wto aa429414c4cf43869f53064022eb3ec6 --debug typical --relax --mt 2 -L xil_defaultlib -L unisims_ver -L unimacro_ver -L secureip --snapshot min_sopc_test_behav xil_defaultlib.min_sopc_test xil_defaultlib.glbl -log elaborate.log 
Using 2 slave threads.
Starting static elaboration
Pass Through NonSizing Optimizer
WARNING: [VRFC 10-3091] actual bit length 1 differs from formal bit length 32 for port 'prediction_i' [C:/Users/zhang/Documents/计算机系统/ComputerArch2019/RISCV_CPU/src/cpu.v:138]
WARNING: [VRFC 10-3091] actual bit length 32 differs from formal bit length 1 for port 'read_enable1' [C:/Users/zhang/Documents/计算机系统/ComputerArch2019/RISCV_CPU/src/cpu.v:143]
WARNING: [VRFC 10-3091] actual bit length 32 differs from formal bit length 1 for port 'read_enable2' [C:/Users/zhang/Documents/计算机系统/ComputerArch2019/RISCV_CPU/src/cpu.v:144]
WARNING: [VRFC 10-3091] actual bit length 32 differs from formal bit length 17 for port 'a_in' [C:/Users/zhang/Documents/计算机系统/ComputerArch2019/RISCV_CPU/RISCV_CPU.srcs/sources_1/new/min_sopc.v:43]
WARNING: [VRFC 10-5021] port 'rdy_in' is not connected on this instance [C:/Users/zhang/Documents/计算机系统/ComputerArch2019/RISCV_CPU/RISCV_CPU.srcs/sources_1/new/min_sopc.v:38]
WARNING: [VRFC 10-5021] port 'if_prediction' is not connected on this instance [C:/Users/zhang/Documents/计算机系统/ComputerArch2019/RISCV_CPU/src/cpu.v:128]
Completed static elaboration
Starting simulation data flow analysis
Completed simulation data flow analysis
Time Resolution for simulation is 1ps
Compiling module xil_defaultlib.pc_reg
Compiling module xil_defaultlib.if_stage
Compiling module xil_defaultlib.if_id
Compiling module xil_defaultlib.id
Compiling module xil_defaultlib.register
Compiling module xil_defaultlib.id_ex
Compiling module xil_defaultlib.ex
Compiling module xil_defaultlib.ex_mem
Compiling module xil_defaultlib.mem
Compiling module xil_defaultlib.mem_wb
Compiling module xil_defaultlib.ctrl
Compiling module xil_defaultlib.mem_ctrl
Compiling module xil_defaultlib.cpu
Compiling module xil_defaultlib.single_port_ram_sync(ADDR_WIDTH=...
Compiling module xil_defaultlib.ram
Compiling module xil_defaultlib.min_sopc
Compiling module xil_defaultlib.min_sopc_test
Compiling module xil_defaultlib.glbl
Built simulation snapshot min_sopc_test_behav

****** Webtalk v2019.2 (64-bit)
  **** SW Build 2708876 on Wed Nov  6 21:40:23 MST 2019
  **** IP Build 2700528 on Thu Nov  7 00:09:20 MST 2019
    ** Copyright 1986-2019 Xilinx, Inc. All Rights Reserved.

source C:/Users/zhang/Documents/计算机系统/ComputerArch2019/RISCV_CPU/RISCV_CPU.sim/sim_2/behav/xsim/xsim.dir/min_sopc_test_behav/webtalk/xsim_webtalk.tcl -notrace
webtalk_transmit: Time (s): cpu = 00:00:00 ; elapsed = 00:00:06 . Memory (MB): peak = 109.945 ; gain = 23.656
INFO: [Common 17-206] Exiting Webtalk at Sun Nov 24 16:09:52 2019...
run_program: Time (s): cpu = 00:00:01 ; elapsed = 00:00:10 . Memory (MB): peak = 839.164 ; gain = 0.000
INFO: [USF-XSim-69] 'elaborate' step finished in '10' seconds
INFO: [USF-XSim-4] XSim::Simulate design
INFO: [USF-XSim-61] Executing 'SIMULATE' step in 'C:/Users/zhang/Documents/计算机系统/ComputerArch2019/RISCV_CPU/RISCV_CPU.sim/sim_2/behav/xsim'
INFO: [USF-XSim-98] *** Running xsim
   with args "min_sopc_test_behav -key {Behavioral:sim_2:Functional:min_sopc_test} -tclbatch {min_sopc_test.tcl} -log {simulate.log}"
INFO: [USF-XSim-8] Loading simulator feature
Vivado Simulator 2019.2
Time resolution is 1 ps
source min_sopc_test.tcl
# set curr_wave [current_wave_config]
# if { [string length $curr_wave] == 0 } {
#   if { [llength [get_objects]] > 0} {
#     add_wave /
#     set_property needs_save false [current_wave_config]
#   } else {
#      send_msg_id Add_Wave-1 WARNING "No top level signals found. Simulator will start without a wave window. If you want to open a wave window go to 'File->New Waveform Configuration' or type 'create_wave_config' in the TCL console."
#   }
# }
# log_wave -r /
WARNING: [Simtcl 6-197] One or more HDL objects could not be logged because of object type or size limitations.  To see details please rerun the command with -verbose (-v).
# run 5000ns
$stop called at time : 2150 ns : File "C:/Users/zhang/Documents/计算机系统/ComputerArch2019/RISCV_CPU/RISCV_CPU.srcs/sources_1/new/min_sopc_test.v" Line 38
INFO: [USF-XSim-96] XSim completed. Design snapshot 'min_sopc_test_behav' loaded.
INFO: [USF-XSim-97] XSim simulation ran for 5000ns
launch_simulation: Time (s): cpu = 00:00:14 ; elapsed = 00:00:19 . Memory (MB): peak = 850.801 ; gain = 11.637
close_sim
INFO: [Simtcl 6-16] Simulation closed
close_sim: Time (s): cpu = 00:00:02 ; elapsed = 00:00:07 . Memory (MB): peak = 850.801 ; gain = 0.000
launch_simulation -simset [get_filesets sim_2 ]
Command: launch_simulation -simset sim_2
INFO: [Vivado 12-5682] Launching behavioral simulation in 'C:/Users/zhang/Documents/计算机系统/ComputerArch2019/RISCV_CPU/RISCV_CPU.sim/sim_2/behav/xsim'
INFO: [SIM-utils-51] Simulation object is 'sim_2'
INFO: [SIM-utils-54] Inspecting design source files for 'min_sopc_test' in fileset 'sim_2'...
INFO: [SIM-utils-43] Exported 'C:/Users/zhang/Documents/计算机系统/ComputerArch2019/RISCV_CPU/RISCV_CPU.sim/sim_2/behav/xsim/inst.data'
INFO: [SIM-utils-43] Exported 'C:/Users/zhang/Documents/计算机系统/ComputerArch2019/RISCV_CPU/RISCV_CPU.sim/sim_2/behav/xsim/forward_test1.data'
INFO: [SIM-utils-43] Exported 'C:/Users/zhang/Documents/计算机系统/ComputerArch2019/RISCV_CPU/RISCV_CPU.sim/sim_2/behav/xsim/arith_test1.data'
INFO: [SIM-utils-43] Exported 'C:/Users/zhang/Documents/计算机系统/ComputerArch2019/RISCV_CPU/RISCV_CPU.sim/sim_2/behav/xsim/save_test.data'
INFO: [SIM-utils-43] Exported 'C:/Users/zhang/Documents/计算机系统/ComputerArch2019/RISCV_CPU/RISCV_CPU.sim/sim_2/behav/xsim/load_store_test1.data'
INFO: [SIM-utils-43] Exported 'C:/Users/zhang/Documents/计算机系统/ComputerArch2019/RISCV_CPU/RISCV_CPU.sim/sim_2/behav/xsim/jal.data'
INFO: [SIM-utils-43] Exported 'C:/Users/zhang/Documents/计算机系统/ComputerArch2019/RISCV_CPU/RISCV_CPU.sim/sim_2/behav/xsim/save_test.data'
INFO: [SIM-utils-43] Exported 'C:/Users/zhang/Documents/计算机系统/ComputerArch2019/RISCV_CPU/RISCV_CPU.sim/sim_2/behav/xsim/load_store_test1.data'
INFO: [SIM-utils-43] Exported 'C:/Users/zhang/Documents/计算机系统/ComputerArch2019/RISCV_CPU/RISCV_CPU.sim/sim_2/behav/xsim/jal.data'
INFO: [USF-XSim-97] Finding global include files...
INFO: [USF-XSim-98] Fetching design files from 'sim_2'...
INFO: [USF-XSim-2] XSim::Compile design
INFO: [USF-XSim-61] Executing 'COMPILE and ANALYZE' step in 'C:/Users/zhang/Documents/计算机系统/ComputerArch2019/RISCV_CPU/RISCV_CPU.sim/sim_2/behav/xsim'
"xvlog --relax -prj min_sopc_test_vlog.prj"
INFO: [VRFC 10-2263] Analyzing Verilog file "C:/Users/zhang/Documents/计算机系统/ComputerArch2019/RISCV_CPU/RISCV_CPU.srcs/sources_1/new/config.v" into library xil_defaultlib
INFO: [VRFC 10-2263] Analyzing Verilog file "C:/Users/zhang/Documents/计算机系统/ComputerArch2019/RISCV_CPU/src/common/block_ram/block_ram.v" into library xil_defaultlib
INFO: [VRFC 10-311] analyzing module dual_port_ram_sync
INFO: [VRFC 10-311] analyzing module single_port_ram_sync
INFO: [VRFC 10-2263] Analyzing Verilog file "C:/Users/zhang/Documents/计算机系统/ComputerArch2019/RISCV_CPU/src/cpu.v" into library xil_defaultlib
INFO: [VRFC 10-311] analyzing module cpu
INFO: [VRFC 10-2458] undeclared symbol prediction_addr_i, assumed default net type wire [C:/Users/zhang/Documents/计算机系统/ComputerArch2019/RISCV_CPU/src/cpu.v:138]
INFO: [VRFC 10-2458] undeclared symbol prediction_addr_o, assumed default net type wire [C:/Users/zhang/Documents/计算机系统/ComputerArch2019/RISCV_CPU/src/cpu.v:138]
INFO: [VRFC 10-2263] Analyzing Verilog file "C:/Users/zhang/Documents/计算机系统/ComputerArch2019/RISCV_CPU/RISCV_CPU.srcs/sources_1/new/ctrl.v" into library xil_defaultlib
INFO: [VRFC 10-311] analyzing module ctrl
INFO: [VRFC 10-2263] Analyzing Verilog file "C:/Users/zhang/Documents/计算机系统/ComputerArch2019/RISCV_CPU/RISCV_CPU.srcs/sources_1/new/ex.v" into library xil_defaultlib
INFO: [VRFC 10-311] analyzing module ex
INFO: [VRFC 10-2263] Analyzing Verilog file "C:/Users/zhang/Documents/计算机系统/ComputerArch2019/RISCV_CPU/RISCV_CPU.srcs/sources_1/new/ex_mem.v" into library xil_defaultlib
INFO: [VRFC 10-311] analyzing module ex_mem
INFO: [VRFC 10-2263] Analyzing Verilog file "C:/Users/zhang/Documents/计算机系统/ComputerArch2019/RISCV_CPU/RISCV_CPU.srcs/sources_1/new/id.v" into library xil_defaultlib
INFO: [VRFC 10-311] analyzing module id
INFO: [VRFC 10-2263] Analyzing Verilog file "C:/Users/zhang/Documents/计算机系统/ComputerArch2019/RISCV_CPU/RISCV_CPU.srcs/sources_1/new/id_ex.v" into library xil_defaultlib
INFO: [VRFC 10-311] analyzing module id_ex
INFO: [VRFC 10-2263] Analyzing Verilog file "C:/Users/zhang/Documents/计算机系统/ComputerArch2019/RISCV_CPU/RISCV_CPU.srcs/sources_1/new/if.v" into library xil_defaultlib
INFO: [VRFC 10-311] analyzing module if_stage
INFO: [VRFC 10-2458] undeclared symbol is_jalr, assumed default net type wire [C:/Users/zhang/Documents/计算机系统/ComputerArch2019/RISCV_CPU/RISCV_CPU.srcs/sources_1/new/if.v:43]
INFO: [VRFC 10-2263] Analyzing Verilog file "C:/Users/zhang/Documents/计算机系统/ComputerArch2019/RISCV_CPU/RISCV_CPU.srcs/sources_1/new/if_id.v" into library xil_defaultlib
INFO: [VRFC 10-311] analyzing module if_id
INFO: [VRFC 10-2263] Analyzing Verilog file "C:/Users/zhang/Documents/计算机系统/ComputerArch2019/RISCV_CPU/RISCV_CPU.srcs/sources_1/new/mem.v" into library xil_defaultlib
INFO: [VRFC 10-311] analyzing module mem
INFO: [VRFC 10-2263] Analyzing Verilog file "C:/Users/zhang/Documents/计算机系统/ComputerArch2019/RISCV_CPU/RISCV_CPU.srcs/sources_1/new/mem_ctrl.v" into library xil_defaultlib
INFO: [VRFC 10-311] analyzing module mem_ctrl
INFO: [VRFC 10-2263] Analyzing Verilog file "C:/Users/zhang/Documents/计算机系统/ComputerArch2019/RISCV_CPU/RISCV_CPU.srcs/sources_1/new/mem_wb.v" into library xil_defaultlib
INFO: [VRFC 10-311] analyzing module mem_wb
INFO: [VRFC 10-2263] Analyzing Verilog file "C:/Users/zhang/Documents/计算机系统/ComputerArch2019/RISCV_CPU/RISCV_CPU.srcs/sources_1/new/min_sopc.v" into library xil_defaultlib
INFO: [VRFC 10-311] analyzing module min_sopc
INFO: [VRFC 10-2263] Analyzing Verilog file "C:/Users/zhang/Documents/计算机系统/ComputerArch2019/RISCV_CPU/RISCV_CPU.srcs/sources_1/new/pc_reg.v" into library xil_defaultlib
INFO: [VRFC 10-311] analyzing module pc_reg
INFO: [VRFC 10-2263] Analyzing Verilog file "C:/Users/zhang/Documents/计算机系统/ComputerArch2019/RISCV_CPU/src/ram.v" into library xil_defaultlib
INFO: [VRFC 10-311] analyzing module ram
INFO: [VRFC 10-2263] Analyzing Verilog file "C:/Users/zhang/Documents/计算机系统/ComputerArch2019/RISCV_CPU/RISCV_CPU.srcs/sources_1/new/register.v" into library xil_defaultlib
INFO: [VRFC 10-311] analyzing module register
INFO: [VRFC 10-2263] Analyzing Verilog file "C:/Users/zhang/Documents/计算机系统/ComputerArch2019/RISCV_CPU/RISCV_CPU.srcs/sources_1/new/min_sopc_test.v" into library xil_defaultlib
INFO: [VRFC 10-311] analyzing module min_sopc_test
INFO: [VRFC 10-2263] Analyzing Verilog file "C:/Users/zhang/Documents/计算机系统/ComputerArch2019/RISCV_CPU/RISCV_CPU.sim/sim_2/behav/xsim/glbl.v" into library xil_defaultlib
INFO: [VRFC 10-311] analyzing module glbl
INFO: [USF-XSim-69] 'compile' step finished in '3' seconds
INFO: [USF-XSim-3] XSim::Elaborate design
INFO: [USF-XSim-61] Executing 'ELABORATE' step in 'C:/Users/zhang/Documents/计算机系统/ComputerArch2019/RISCV_CPU/RISCV_CPU.sim/sim_2/behav/xsim'
"xelab -wto aa429414c4cf43869f53064022eb3ec6 --debug typical --relax --mt 2 -L xil_defaultlib -L unisims_ver -L unimacro_ver -L secureip --snapshot min_sopc_test_behav xil_defaultlib.min_sopc_test xil_defaultlib.glbl -log elaborate.log"
Vivado Simulator 2019.2
Copyright 1986-1999, 2001-2019 Xilinx, Inc. All Rights Reserved.
Running: C:/Xilinx/Vivado/2019.2/bin/unwrapped/win64.o/xelab.exe -wto aa429414c4cf43869f53064022eb3ec6 --debug typical --relax --mt 2 -L xil_defaultlib -L unisims_ver -L unimacro_ver -L secureip --snapshot min_sopc_test_behav xil_defaultlib.min_sopc_test xil_defaultlib.glbl -log elaborate.log 
Using 2 slave threads.
Starting static elaboration
Pass Through NonSizing Optimizer
WARNING: [VRFC 10-3091] actual bit length 1 differs from formal bit length 32 for port 'prediction_i' [C:/Users/zhang/Documents/计算机系统/ComputerArch2019/RISCV_CPU/src/cpu.v:138]
WARNING: [VRFC 10-3091] actual bit length 32 differs from formal bit length 1 for port 'read_enable1' [C:/Users/zhang/Documents/计算机系统/ComputerArch2019/RISCV_CPU/src/cpu.v:143]
WARNING: [VRFC 10-3091] actual bit length 32 differs from formal bit length 1 for port 'read_enable2' [C:/Users/zhang/Documents/计算机系统/ComputerArch2019/RISCV_CPU/src/cpu.v:144]
WARNING: [VRFC 10-3091] actual bit length 32 differs from formal bit length 17 for port 'a_in' [C:/Users/zhang/Documents/计算机系统/ComputerArch2019/RISCV_CPU/RISCV_CPU.srcs/sources_1/new/min_sopc.v:43]
WARNING: [VRFC 10-5021] port 'rdy_in' is not connected on this instance [C:/Users/zhang/Documents/计算机系统/ComputerArch2019/RISCV_CPU/RISCV_CPU.srcs/sources_1/new/min_sopc.v:38]
WARNING: [VRFC 10-5021] port 'if_prediction' is not connected on this instance [C:/Users/zhang/Documents/计算机系统/ComputerArch2019/RISCV_CPU/src/cpu.v:128]
Completed static elaboration
Starting simulation data flow analysis
Completed simulation data flow analysis
Time Resolution for simulation is 1ps
Compiling module xil_defaultlib.pc_reg
Compiling module xil_defaultlib.if_stage
Compiling module xil_defaultlib.if_id
Compiling module xil_defaultlib.id
Compiling module xil_defaultlib.register
Compiling module xil_defaultlib.id_ex
Compiling module xil_defaultlib.ex
Compiling module xil_defaultlib.ex_mem
Compiling module xil_defaultlib.mem
Compiling module xil_defaultlib.mem_wb
Compiling module xil_defaultlib.ctrl
Compiling module xil_defaultlib.mem_ctrl
Compiling module xil_defaultlib.cpu
Compiling module xil_defaultlib.single_port_ram_sync(ADDR_WIDTH=...
Compiling module xil_defaultlib.ram
Compiling module xil_defaultlib.min_sopc
Compiling module xil_defaultlib.min_sopc_test
Compiling module xil_defaultlib.glbl
Built simulation snapshot min_sopc_test_behav

****** Webtalk v2019.2 (64-bit)
  **** SW Build 2708876 on Wed Nov  6 21:40:23 MST 2019
  **** IP Build 2700528 on Thu Nov  7 00:09:20 MST 2019
    ** Copyright 1986-2019 Xilinx, Inc. All Rights Reserved.

source C:/Users/zhang/Documents/计算机系统/ComputerArch2019/RISCV_CPU/RISCV_CPU.sim/sim_2/behav/xsim/xsim.dir/min_sopc_test_behav/webtalk/xsim_webtalk.tcl -notrace
INFO: [Common 17-186] 'C:/Users/zhang/Documents/计算机系统/ComputerArch2019/RISCV_CPU/RISCV_CPU.sim/sim_2/behav/xsim/xsim.dir/min_sopc_test_behav/webtalk/usage_statistics_ext_xsim.xml' has been successfully sent to Xilinx on Sun Nov 24 16:12:36 2019. For additional details about this file, please refer to the WebTalk help file at C:/Xilinx/Vivado/2019.2/doc/webtalk_introduction.html.
INFO: [Common 17-206] Exiting Webtalk at Sun Nov 24 16:12:36 2019...
run_program: Time (s): cpu = 00:00:01 ; elapsed = 00:00:08 . Memory (MB): peak = 850.801 ; gain = 0.000
INFO: [USF-XSim-69] 'elaborate' step finished in '8' seconds
INFO: [USF-XSim-4] XSim::Simulate design
INFO: [USF-XSim-61] Executing 'SIMULATE' step in 'C:/Users/zhang/Documents/计算机系统/ComputerArch2019/RISCV_CPU/RISCV_CPU.sim/sim_2/behav/xsim'
INFO: [USF-XSim-98] *** Running xsim
   with args "min_sopc_test_behav -key {Behavioral:sim_2:Functional:min_sopc_test} -tclbatch {min_sopc_test.tcl} -log {simulate.log}"
INFO: [USF-XSim-8] Loading simulator feature
Vivado Simulator 2019.2
Time resolution is 1 ps
source min_sopc_test.tcl
# set curr_wave [current_wave_config]
# if { [string length $curr_wave] == 0 } {
#   if { [llength [get_objects]] > 0} {
#     add_wave /
#     set_property needs_save false [current_wave_config]
#   } else {
#      send_msg_id Add_Wave-1 WARNING "No top level signals found. Simulator will start without a wave window. If you want to open a wave window go to 'File->New Waveform Configuration' or type 'create_wave_config' in the TCL console."
#   }
# }
# log_wave -r /
WARNING: [Simtcl 6-197] One or more HDL objects could not be logged because of object type or size limitations.  To see details please rerun the command with -verbose (-v).
# run 5000ns
$stop called at time : 2150 ns : File "C:/Users/zhang/Documents/计算机系统/ComputerArch2019/RISCV_CPU/RISCV_CPU.srcs/sources_1/new/min_sopc_test.v" Line 38
INFO: [USF-XSim-96] XSim completed. Design snapshot 'min_sopc_test_behav' loaded.
INFO: [USF-XSim-97] XSim simulation ran for 5000ns
launch_simulation: Time (s): cpu = 00:00:08 ; elapsed = 00:00:15 . Memory (MB): peak = 850.801 ; gain = 0.000
close_sim
INFO: [Simtcl 6-16] Simulation closed
close_sim: Time (s): cpu = 00:00:02 ; elapsed = 00:00:08 . Memory (MB): peak = 850.801 ; gain = 0.000
launch_simulation -simset [get_filesets sim_2 ]
Command: launch_simulation -simset sim_2
INFO: [Vivado 12-5682] Launching behavioral simulation in 'C:/Users/zhang/Documents/计算机系统/ComputerArch2019/RISCV_CPU/RISCV_CPU.sim/sim_2/behav/xsim'
INFO: [SIM-utils-51] Simulation object is 'sim_2'
INFO: [SIM-utils-54] Inspecting design source files for 'min_sopc_test' in fileset 'sim_2'...
INFO: [SIM-utils-43] Exported 'C:/Users/zhang/Documents/计算机系统/ComputerArch2019/RISCV_CPU/RISCV_CPU.sim/sim_2/behav/xsim/inst.data'
INFO: [SIM-utils-43] Exported 'C:/Users/zhang/Documents/计算机系统/ComputerArch2019/RISCV_CPU/RISCV_CPU.sim/sim_2/behav/xsim/forward_test1.data'
INFO: [SIM-utils-43] Exported 'C:/Users/zhang/Documents/计算机系统/ComputerArch2019/RISCV_CPU/RISCV_CPU.sim/sim_2/behav/xsim/arith_test1.data'
INFO: [SIM-utils-43] Exported 'C:/Users/zhang/Documents/计算机系统/ComputerArch2019/RISCV_CPU/RISCV_CPU.sim/sim_2/behav/xsim/save_test.data'
INFO: [SIM-utils-43] Exported 'C:/Users/zhang/Documents/计算机系统/ComputerArch2019/RISCV_CPU/RISCV_CPU.sim/sim_2/behav/xsim/load_store_test1.data'
INFO: [SIM-utils-43] Exported 'C:/Users/zhang/Documents/计算机系统/ComputerArch2019/RISCV_CPU/RISCV_CPU.sim/sim_2/behav/xsim/jal.data'
INFO: [SIM-utils-43] Exported 'C:/Users/zhang/Documents/计算机系统/ComputerArch2019/RISCV_CPU/RISCV_CPU.sim/sim_2/behav/xsim/save_test.data'
INFO: [SIM-utils-43] Exported 'C:/Users/zhang/Documents/计算机系统/ComputerArch2019/RISCV_CPU/RISCV_CPU.sim/sim_2/behav/xsim/load_store_test1.data'
INFO: [SIM-utils-43] Exported 'C:/Users/zhang/Documents/计算机系统/ComputerArch2019/RISCV_CPU/RISCV_CPU.sim/sim_2/behav/xsim/jal.data'
INFO: [USF-XSim-97] Finding global include files...
INFO: [USF-XSim-98] Fetching design files from 'sim_2'...
INFO: [USF-XSim-2] XSim::Compile design
INFO: [USF-XSim-61] Executing 'COMPILE and ANALYZE' step in 'C:/Users/zhang/Documents/计算机系统/ComputerArch2019/RISCV_CPU/RISCV_CPU.sim/sim_2/behav/xsim'
"xvlog --relax -prj min_sopc_test_vlog.prj"
INFO: [VRFC 10-2263] Analyzing Verilog file "C:/Users/zhang/Documents/计算机系统/ComputerArch2019/RISCV_CPU/RISCV_CPU.srcs/sources_1/new/config.v" into library xil_defaultlib
INFO: [VRFC 10-2263] Analyzing Verilog file "C:/Users/zhang/Documents/计算机系统/ComputerArch2019/RISCV_CPU/src/common/block_ram/block_ram.v" into library xil_defaultlib
INFO: [VRFC 10-311] analyzing module dual_port_ram_sync
INFO: [VRFC 10-311] analyzing module single_port_ram_sync
INFO: [VRFC 10-2263] Analyzing Verilog file "C:/Users/zhang/Documents/计算机系统/ComputerArch2019/RISCV_CPU/src/cpu.v" into library xil_defaultlib
INFO: [VRFC 10-311] analyzing module cpu
INFO: [VRFC 10-2458] undeclared symbol prediction_addr_i, assumed default net type wire [C:/Users/zhang/Documents/计算机系统/ComputerArch2019/RISCV_CPU/src/cpu.v:138]
INFO: [VRFC 10-2458] undeclared symbol prediction_addr_o, assumed default net type wire [C:/Users/zhang/Documents/计算机系统/ComputerArch2019/RISCV_CPU/src/cpu.v:138]
INFO: [VRFC 10-2263] Analyzing Verilog file "C:/Users/zhang/Documents/计算机系统/ComputerArch2019/RISCV_CPU/RISCV_CPU.srcs/sources_1/new/ctrl.v" into library xil_defaultlib
INFO: [VRFC 10-311] analyzing module ctrl
INFO: [VRFC 10-2263] Analyzing Verilog file "C:/Users/zhang/Documents/计算机系统/ComputerArch2019/RISCV_CPU/RISCV_CPU.srcs/sources_1/new/ex.v" into library xil_defaultlib
INFO: [VRFC 10-311] analyzing module ex
INFO: [VRFC 10-2263] Analyzing Verilog file "C:/Users/zhang/Documents/计算机系统/ComputerArch2019/RISCV_CPU/RISCV_CPU.srcs/sources_1/new/ex_mem.v" into library xil_defaultlib
INFO: [VRFC 10-311] analyzing module ex_mem
INFO: [VRFC 10-2263] Analyzing Verilog file "C:/Users/zhang/Documents/计算机系统/ComputerArch2019/RISCV_CPU/RISCV_CPU.srcs/sources_1/new/id.v" into library xil_defaultlib
INFO: [VRFC 10-311] analyzing module id
INFO: [VRFC 10-2263] Analyzing Verilog file "C:/Users/zhang/Documents/计算机系统/ComputerArch2019/RISCV_CPU/RISCV_CPU.srcs/sources_1/new/id_ex.v" into library xil_defaultlib
INFO: [VRFC 10-311] analyzing module id_ex
INFO: [VRFC 10-2263] Analyzing Verilog file "C:/Users/zhang/Documents/计算机系统/ComputerArch2019/RISCV_CPU/RISCV_CPU.srcs/sources_1/new/if.v" into library xil_defaultlib
INFO: [VRFC 10-311] analyzing module if_stage
INFO: [VRFC 10-2458] undeclared symbol is_jalr, assumed default net type wire [C:/Users/zhang/Documents/计算机系统/ComputerArch2019/RISCV_CPU/RISCV_CPU.srcs/sources_1/new/if.v:43]
INFO: [VRFC 10-2263] Analyzing Verilog file "C:/Users/zhang/Documents/计算机系统/ComputerArch2019/RISCV_CPU/RISCV_CPU.srcs/sources_1/new/if_id.v" into library xil_defaultlib
INFO: [VRFC 10-311] analyzing module if_id
INFO: [VRFC 10-2263] Analyzing Verilog file "C:/Users/zhang/Documents/计算机系统/ComputerArch2019/RISCV_CPU/RISCV_CPU.srcs/sources_1/new/mem.v" into library xil_defaultlib
INFO: [VRFC 10-311] analyzing module mem
INFO: [VRFC 10-2263] Analyzing Verilog file "C:/Users/zhang/Documents/计算机系统/ComputerArch2019/RISCV_CPU/RISCV_CPU.srcs/sources_1/new/mem_ctrl.v" into library xil_defaultlib
INFO: [VRFC 10-311] analyzing module mem_ctrl
INFO: [VRFC 10-2263] Analyzing Verilog file "C:/Users/zhang/Documents/计算机系统/ComputerArch2019/RISCV_CPU/RISCV_CPU.srcs/sources_1/new/mem_wb.v" into library xil_defaultlib
INFO: [VRFC 10-311] analyzing module mem_wb
INFO: [VRFC 10-2263] Analyzing Verilog file "C:/Users/zhang/Documents/计算机系统/ComputerArch2019/RISCV_CPU/RISCV_CPU.srcs/sources_1/new/min_sopc.v" into library xil_defaultlib
INFO: [VRFC 10-311] analyzing module min_sopc
INFO: [VRFC 10-2263] Analyzing Verilog file "C:/Users/zhang/Documents/计算机系统/ComputerArch2019/RISCV_CPU/RISCV_CPU.srcs/sources_1/new/pc_reg.v" into library xil_defaultlib
INFO: [VRFC 10-311] analyzing module pc_reg
INFO: [VRFC 10-2263] Analyzing Verilog file "C:/Users/zhang/Documents/计算机系统/ComputerArch2019/RISCV_CPU/src/ram.v" into library xil_defaultlib
INFO: [VRFC 10-311] analyzing module ram
INFO: [VRFC 10-2263] Analyzing Verilog file "C:/Users/zhang/Documents/计算机系统/ComputerArch2019/RISCV_CPU/RISCV_CPU.srcs/sources_1/new/register.v" into library xil_defaultlib
INFO: [VRFC 10-311] analyzing module register
INFO: [VRFC 10-2263] Analyzing Verilog file "C:/Users/zhang/Documents/计算机系统/ComputerArch2019/RISCV_CPU/RISCV_CPU.srcs/sources_1/new/min_sopc_test.v" into library xil_defaultlib
INFO: [VRFC 10-311] analyzing module min_sopc_test
INFO: [VRFC 10-2263] Analyzing Verilog file "C:/Users/zhang/Documents/计算机系统/ComputerArch2019/RISCV_CPU/RISCV_CPU.sim/sim_2/behav/xsim/glbl.v" into library xil_defaultlib
INFO: [VRFC 10-311] analyzing module glbl
INFO: [USF-XSim-69] 'compile' step finished in '3' seconds
INFO: [USF-XSim-3] XSim::Elaborate design
INFO: [USF-XSim-61] Executing 'ELABORATE' step in 'C:/Users/zhang/Documents/计算机系统/ComputerArch2019/RISCV_CPU/RISCV_CPU.sim/sim_2/behav/xsim'
"xelab -wto aa429414c4cf43869f53064022eb3ec6 --debug typical --relax --mt 2 -L xil_defaultlib -L unisims_ver -L unimacro_ver -L secureip --snapshot min_sopc_test_behav xil_defaultlib.min_sopc_test xil_defaultlib.glbl -log elaborate.log"
Vivado Simulator 2019.2
Copyright 1986-1999, 2001-2019 Xilinx, Inc. All Rights Reserved.
Running: C:/Xilinx/Vivado/2019.2/bin/unwrapped/win64.o/xelab.exe -wto aa429414c4cf43869f53064022eb3ec6 --debug typical --relax --mt 2 -L xil_defaultlib -L unisims_ver -L unimacro_ver -L secureip --snapshot min_sopc_test_behav xil_defaultlib.min_sopc_test xil_defaultlib.glbl -log elaborate.log 
Using 2 slave threads.
Starting static elaboration
Pass Through NonSizing Optimizer
WARNING: [VRFC 10-3091] actual bit length 1 differs from formal bit length 32 for port 'prediction_i' [C:/Users/zhang/Documents/计算机系统/ComputerArch2019/RISCV_CPU/src/cpu.v:138]
WARNING: [VRFC 10-3091] actual bit length 32 differs from formal bit length 1 for port 'read_enable1' [C:/Users/zhang/Documents/计算机系统/ComputerArch2019/RISCV_CPU/src/cpu.v:143]
WARNING: [VRFC 10-3091] actual bit length 32 differs from formal bit length 1 for port 'read_enable2' [C:/Users/zhang/Documents/计算机系统/ComputerArch2019/RISCV_CPU/src/cpu.v:144]
WARNING: [VRFC 10-3091] actual bit length 32 differs from formal bit length 17 for port 'a_in' [C:/Users/zhang/Documents/计算机系统/ComputerArch2019/RISCV_CPU/RISCV_CPU.srcs/sources_1/new/min_sopc.v:43]
WARNING: [VRFC 10-5021] port 'rdy_in' is not connected on this instance [C:/Users/zhang/Documents/计算机系统/ComputerArch2019/RISCV_CPU/RISCV_CPU.srcs/sources_1/new/min_sopc.v:38]
WARNING: [VRFC 10-5021] port 'if_prediction' is not connected on this instance [C:/Users/zhang/Documents/计算机系统/ComputerArch2019/RISCV_CPU/src/cpu.v:128]
Completed static elaboration
Starting simulation data flow analysis
Completed simulation data flow analysis
Time Resolution for simulation is 1ps
Compiling module xil_defaultlib.pc_reg
Compiling module xil_defaultlib.if_stage
Compiling module xil_defaultlib.if_id
Compiling module xil_defaultlib.id
Compiling module xil_defaultlib.register
Compiling module xil_defaultlib.id_ex
Compiling module xil_defaultlib.ex
Compiling module xil_defaultlib.ex_mem
Compiling module xil_defaultlib.mem
Compiling module xil_defaultlib.mem_wb
Compiling module xil_defaultlib.ctrl
Compiling module xil_defaultlib.mem_ctrl
Compiling module xil_defaultlib.cpu
Compiling module xil_defaultlib.single_port_ram_sync(ADDR_WIDTH=...
Compiling module xil_defaultlib.ram
Compiling module xil_defaultlib.min_sopc
Compiling module xil_defaultlib.min_sopc_test
Compiling module xil_defaultlib.glbl
Built simulation snapshot min_sopc_test_behav

****** Webtalk v2019.2 (64-bit)
  **** SW Build 2708876 on Wed Nov  6 21:40:23 MST 2019
  **** IP Build 2700528 on Thu Nov  7 00:09:20 MST 2019
    ** Copyright 1986-2019 Xilinx, Inc. All Rights Reserved.

source C:/Users/zhang/Documents/计算机系统/ComputerArch2019/RISCV_CPU/RISCV_CPU.sim/sim_2/behav/xsim/xsim.dir/min_sopc_test_behav/webtalk/xsim_webtalk.tcl -notrace
webtalk_transmit: Time (s): cpu = 00:00:00 ; elapsed = 00:00:10 . Memory (MB): peak = 110.293 ; gain = 23.777
INFO: [Common 17-206] Exiting Webtalk at Sun Nov 24 16:14:07 2019...
run_program: Time (s): cpu = 00:00:01 ; elapsed = 00:00:14 . Memory (MB): peak = 850.801 ; gain = 0.000
INFO: [USF-XSim-69] 'elaborate' step finished in '14' seconds
INFO: [USF-XSim-4] XSim::Simulate design
INFO: [USF-XSim-61] Executing 'SIMULATE' step in 'C:/Users/zhang/Documents/计算机系统/ComputerArch2019/RISCV_CPU/RISCV_CPU.sim/sim_2/behav/xsim'
INFO: [USF-XSim-98] *** Running xsim
   with args "min_sopc_test_behav -key {Behavioral:sim_2:Functional:min_sopc_test} -tclbatch {min_sopc_test.tcl} -log {simulate.log}"
INFO: [USF-XSim-8] Loading simulator feature
Vivado Simulator 2019.2
Time resolution is 1 ps
source min_sopc_test.tcl
# set curr_wave [current_wave_config]
# if { [string length $curr_wave] == 0 } {
#   if { [llength [get_objects]] > 0} {
#     add_wave /
#     set_property needs_save false [current_wave_config]
#   } else {
#      send_msg_id Add_Wave-1 WARNING "No top level signals found. Simulator will start without a wave window. If you want to open a wave window go to 'File->New Waveform Configuration' or type 'create_wave_config' in the TCL console."
#   }
# }
# log_wave -r /
WARNING: [Simtcl 6-197] One or more HDL objects could not be logged because of object type or size limitations.  To see details please rerun the command with -verbose (-v).
# run 5000ns
$stop called at time : 2150 ns : File "C:/Users/zhang/Documents/计算机系统/ComputerArch2019/RISCV_CPU/RISCV_CPU.srcs/sources_1/new/min_sopc_test.v" Line 38
INFO: [USF-XSim-96] XSim completed. Design snapshot 'min_sopc_test_behav' loaded.
INFO: [USF-XSim-97] XSim simulation ran for 5000ns
launch_simulation: Time (s): cpu = 00:00:05 ; elapsed = 00:00:21 . Memory (MB): peak = 850.801 ; gain = 0.000
close_sim
INFO: [Simtcl 6-16] Simulation closed
close_sim: Time (s): cpu = 00:00:01 ; elapsed = 00:00:08 . Memory (MB): peak = 850.801 ; gain = 0.000
launch_simulation -simset [get_filesets sim_2 ]
Command: launch_simulation -simset sim_2
INFO: [Vivado 12-5682] Launching behavioral simulation in 'C:/Users/zhang/Documents/计算机系统/ComputerArch2019/RISCV_CPU/RISCV_CPU.sim/sim_2/behav/xsim'
INFO: [SIM-utils-51] Simulation object is 'sim_2'
INFO: [SIM-utils-54] Inspecting design source files for 'min_sopc_test' in fileset 'sim_2'...
INFO: [SIM-utils-43] Exported 'C:/Users/zhang/Documents/计算机系统/ComputerArch2019/RISCV_CPU/RISCV_CPU.sim/sim_2/behav/xsim/inst.data'
INFO: [SIM-utils-43] Exported 'C:/Users/zhang/Documents/计算机系统/ComputerArch2019/RISCV_CPU/RISCV_CPU.sim/sim_2/behav/xsim/forward_test1.data'
INFO: [SIM-utils-43] Exported 'C:/Users/zhang/Documents/计算机系统/ComputerArch2019/RISCV_CPU/RISCV_CPU.sim/sim_2/behav/xsim/arith_test1.data'
INFO: [SIM-utils-43] Exported 'C:/Users/zhang/Documents/计算机系统/ComputerArch2019/RISCV_CPU/RISCV_CPU.sim/sim_2/behav/xsim/save_test.data'
INFO: [SIM-utils-43] Exported 'C:/Users/zhang/Documents/计算机系统/ComputerArch2019/RISCV_CPU/RISCV_CPU.sim/sim_2/behav/xsim/load_store_test1.data'
INFO: [SIM-utils-43] Exported 'C:/Users/zhang/Documents/计算机系统/ComputerArch2019/RISCV_CPU/RISCV_CPU.sim/sim_2/behav/xsim/jal.data'
INFO: [SIM-utils-43] Exported 'C:/Users/zhang/Documents/计算机系统/ComputerArch2019/RISCV_CPU/RISCV_CPU.sim/sim_2/behav/xsim/save_test.data'
INFO: [SIM-utils-43] Exported 'C:/Users/zhang/Documents/计算机系统/ComputerArch2019/RISCV_CPU/RISCV_CPU.sim/sim_2/behav/xsim/load_store_test1.data'
INFO: [SIM-utils-43] Exported 'C:/Users/zhang/Documents/计算机系统/ComputerArch2019/RISCV_CPU/RISCV_CPU.sim/sim_2/behav/xsim/jal.data'
INFO: [USF-XSim-97] Finding global include files...
INFO: [USF-XSim-98] Fetching design files from 'sim_2'...
INFO: [USF-XSim-2] XSim::Compile design
INFO: [USF-XSim-61] Executing 'COMPILE and ANALYZE' step in 'C:/Users/zhang/Documents/计算机系统/ComputerArch2019/RISCV_CPU/RISCV_CPU.sim/sim_2/behav/xsim'
"xvlog --relax -prj min_sopc_test_vlog.prj"
INFO: [VRFC 10-2263] Analyzing Verilog file "C:/Users/zhang/Documents/计算机系统/ComputerArch2019/RISCV_CPU/RISCV_CPU.srcs/sources_1/new/config.v" into library xil_defaultlib
INFO: [VRFC 10-2263] Analyzing Verilog file "C:/Users/zhang/Documents/计算机系统/ComputerArch2019/RISCV_CPU/src/common/block_ram/block_ram.v" into library xil_defaultlib
INFO: [VRFC 10-311] analyzing module dual_port_ram_sync
INFO: [VRFC 10-311] analyzing module single_port_ram_sync
INFO: [VRFC 10-2263] Analyzing Verilog file "C:/Users/zhang/Documents/计算机系统/ComputerArch2019/RISCV_CPU/src/cpu.v" into library xil_defaultlib
INFO: [VRFC 10-311] analyzing module cpu
INFO: [VRFC 10-2458] undeclared symbol prediction_addr_i, assumed default net type wire [C:/Users/zhang/Documents/计算机系统/ComputerArch2019/RISCV_CPU/src/cpu.v:138]
INFO: [VRFC 10-2458] undeclared symbol prediction_addr_o, assumed default net type wire [C:/Users/zhang/Documents/计算机系统/ComputerArch2019/RISCV_CPU/src/cpu.v:138]
INFO: [VRFC 10-2263] Analyzing Verilog file "C:/Users/zhang/Documents/计算机系统/ComputerArch2019/RISCV_CPU/RISCV_CPU.srcs/sources_1/new/ctrl.v" into library xil_defaultlib
INFO: [VRFC 10-311] analyzing module ctrl
INFO: [VRFC 10-2263] Analyzing Verilog file "C:/Users/zhang/Documents/计算机系统/ComputerArch2019/RISCV_CPU/RISCV_CPU.srcs/sources_1/new/ex.v" into library xil_defaultlib
INFO: [VRFC 10-311] analyzing module ex
INFO: [VRFC 10-2263] Analyzing Verilog file "C:/Users/zhang/Documents/计算机系统/ComputerArch2019/RISCV_CPU/RISCV_CPU.srcs/sources_1/new/ex_mem.v" into library xil_defaultlib
INFO: [VRFC 10-311] analyzing module ex_mem
INFO: [VRFC 10-2263] Analyzing Verilog file "C:/Users/zhang/Documents/计算机系统/ComputerArch2019/RISCV_CPU/RISCV_CPU.srcs/sources_1/new/id.v" into library xil_defaultlib
INFO: [VRFC 10-311] analyzing module id
INFO: [VRFC 10-2263] Analyzing Verilog file "C:/Users/zhang/Documents/计算机系统/ComputerArch2019/RISCV_CPU/RISCV_CPU.srcs/sources_1/new/id_ex.v" into library xil_defaultlib
INFO: [VRFC 10-311] analyzing module id_ex
INFO: [VRFC 10-2263] Analyzing Verilog file "C:/Users/zhang/Documents/计算机系统/ComputerArch2019/RISCV_CPU/RISCV_CPU.srcs/sources_1/new/if.v" into library xil_defaultlib
INFO: [VRFC 10-311] analyzing module if_stage
INFO: [VRFC 10-2458] undeclared symbol is_jalr, assumed default net type wire [C:/Users/zhang/Documents/计算机系统/ComputerArch2019/RISCV_CPU/RISCV_CPU.srcs/sources_1/new/if.v:43]
INFO: [VRFC 10-2263] Analyzing Verilog file "C:/Users/zhang/Documents/计算机系统/ComputerArch2019/RISCV_CPU/RISCV_CPU.srcs/sources_1/new/if_id.v" into library xil_defaultlib
INFO: [VRFC 10-311] analyzing module if_id
INFO: [VRFC 10-2263] Analyzing Verilog file "C:/Users/zhang/Documents/计算机系统/ComputerArch2019/RISCV_CPU/RISCV_CPU.srcs/sources_1/new/mem.v" into library xil_defaultlib
INFO: [VRFC 10-311] analyzing module mem
INFO: [VRFC 10-2263] Analyzing Verilog file "C:/Users/zhang/Documents/计算机系统/ComputerArch2019/RISCV_CPU/RISCV_CPU.srcs/sources_1/new/mem_ctrl.v" into library xil_defaultlib
INFO: [VRFC 10-311] analyzing module mem_ctrl
INFO: [VRFC 10-2263] Analyzing Verilog file "C:/Users/zhang/Documents/计算机系统/ComputerArch2019/RISCV_CPU/RISCV_CPU.srcs/sources_1/new/mem_wb.v" into library xil_defaultlib
INFO: [VRFC 10-311] analyzing module mem_wb
INFO: [VRFC 10-2263] Analyzing Verilog file "C:/Users/zhang/Documents/计算机系统/ComputerArch2019/RISCV_CPU/RISCV_CPU.srcs/sources_1/new/min_sopc.v" into library xil_defaultlib
INFO: [VRFC 10-311] analyzing module min_sopc
INFO: [VRFC 10-2263] Analyzing Verilog file "C:/Users/zhang/Documents/计算机系统/ComputerArch2019/RISCV_CPU/RISCV_CPU.srcs/sources_1/new/pc_reg.v" into library xil_defaultlib
INFO: [VRFC 10-311] analyzing module pc_reg
INFO: [VRFC 10-2263] Analyzing Verilog file "C:/Users/zhang/Documents/计算机系统/ComputerArch2019/RISCV_CPU/src/ram.v" into library xil_defaultlib
INFO: [VRFC 10-311] analyzing module ram
INFO: [VRFC 10-2263] Analyzing Verilog file "C:/Users/zhang/Documents/计算机系统/ComputerArch2019/RISCV_CPU/RISCV_CPU.srcs/sources_1/new/register.v" into library xil_defaultlib
INFO: [VRFC 10-311] analyzing module register
INFO: [VRFC 10-2263] Analyzing Verilog file "C:/Users/zhang/Documents/计算机系统/ComputerArch2019/RISCV_CPU/RISCV_CPU.srcs/sources_1/new/min_sopc_test.v" into library xil_defaultlib
INFO: [VRFC 10-311] analyzing module min_sopc_test
INFO: [VRFC 10-2263] Analyzing Verilog file "C:/Users/zhang/Documents/计算机系统/ComputerArch2019/RISCV_CPU/RISCV_CPU.sim/sim_2/behav/xsim/glbl.v" into library xil_defaultlib
INFO: [VRFC 10-311] analyzing module glbl
INFO: [USF-XSim-69] 'compile' step finished in '3' seconds
INFO: [USF-XSim-3] XSim::Elaborate design
INFO: [USF-XSim-61] Executing 'ELABORATE' step in 'C:/Users/zhang/Documents/计算机系统/ComputerArch2019/RISCV_CPU/RISCV_CPU.sim/sim_2/behav/xsim'
"xelab -wto aa429414c4cf43869f53064022eb3ec6 --debug typical --relax --mt 2 -L xil_defaultlib -L unisims_ver -L unimacro_ver -L secureip --snapshot min_sopc_test_behav xil_defaultlib.min_sopc_test xil_defaultlib.glbl -log elaborate.log"
Vivado Simulator 2019.2
Copyright 1986-1999, 2001-2019 Xilinx, Inc. All Rights Reserved.
Running: C:/Xilinx/Vivado/2019.2/bin/unwrapped/win64.o/xelab.exe -wto aa429414c4cf43869f53064022eb3ec6 --debug typical --relax --mt 2 -L xil_defaultlib -L unisims_ver -L unimacro_ver -L secureip --snapshot min_sopc_test_behav xil_defaultlib.min_sopc_test xil_defaultlib.glbl -log elaborate.log 
Using 2 slave threads.
Starting static elaboration
Pass Through NonSizing Optimizer
WARNING: [VRFC 10-3091] actual bit length 1 differs from formal bit length 32 for port 'prediction_i' [C:/Users/zhang/Documents/计算机系统/ComputerArch2019/RISCV_CPU/src/cpu.v:138]
WARNING: [VRFC 10-3091] actual bit length 32 differs from formal bit length 1 for port 'read_enable1' [C:/Users/zhang/Documents/计算机系统/ComputerArch2019/RISCV_CPU/src/cpu.v:143]
WARNING: [VRFC 10-3091] actual bit length 32 differs from formal bit length 1 for port 'read_enable2' [C:/Users/zhang/Documents/计算机系统/ComputerArch2019/RISCV_CPU/src/cpu.v:144]
WARNING: [VRFC 10-3091] actual bit length 32 differs from formal bit length 17 for port 'a_in' [C:/Users/zhang/Documents/计算机系统/ComputerArch2019/RISCV_CPU/RISCV_CPU.srcs/sources_1/new/min_sopc.v:43]
WARNING: [VRFC 10-5021] port 'rdy_in' is not connected on this instance [C:/Users/zhang/Documents/计算机系统/ComputerArch2019/RISCV_CPU/RISCV_CPU.srcs/sources_1/new/min_sopc.v:38]
WARNING: [VRFC 10-5021] port 'if_prediction' is not connected on this instance [C:/Users/zhang/Documents/计算机系统/ComputerArch2019/RISCV_CPU/src/cpu.v:128]
Completed static elaboration
Starting simulation data flow analysis
Completed simulation data flow analysis
Time Resolution for simulation is 1ps
Compiling module xil_defaultlib.pc_reg
Compiling module xil_defaultlib.if_stage
Compiling module xil_defaultlib.if_id
Compiling module xil_defaultlib.id
Compiling module xil_defaultlib.register
Compiling module xil_defaultlib.id_ex
Compiling module xil_defaultlib.ex
Compiling module xil_defaultlib.ex_mem
Compiling module xil_defaultlib.mem
Compiling module xil_defaultlib.mem_wb
Compiling module xil_defaultlib.ctrl
Compiling module xil_defaultlib.mem_ctrl
Compiling module xil_defaultlib.cpu
Compiling module xil_defaultlib.single_port_ram_sync(ADDR_WIDTH=...
Compiling module xil_defaultlib.ram
Compiling module xil_defaultlib.min_sopc
Compiling module xil_defaultlib.min_sopc_test
Compiling module xil_defaultlib.glbl
Built simulation snapshot min_sopc_test_behav

****** Webtalk v2019.2 (64-bit)
  **** SW Build 2708876 on Wed Nov  6 21:40:23 MST 2019
  **** IP Build 2700528 on Thu Nov  7 00:09:20 MST 2019
    ** Copyright 1986-2019 Xilinx, Inc. All Rights Reserved.

source C:/Users/zhang/Documents/计算机系统/ComputerArch2019/RISCV_CPU/RISCV_CPU.sim/sim_2/behav/xsim/xsim.dir/min_sopc_test_behav/webtalk/xsim_webtalk.tcl -notrace
webtalk_transmit: Time (s): cpu = 00:00:00 ; elapsed = 00:00:10 . Memory (MB): peak = 110.047 ; gain = 23.602
INFO: [Common 17-206] Exiting Webtalk at Sun Nov 24 16:17:02 2019...
run_program: Time (s): cpu = 00:00:01 ; elapsed = 00:00:14 . Memory (MB): peak = 850.801 ; gain = 0.000
INFO: [USF-XSim-69] 'elaborate' step finished in '14' seconds
INFO: [USF-XSim-4] XSim::Simulate design
INFO: [USF-XSim-61] Executing 'SIMULATE' step in 'C:/Users/zhang/Documents/计算机系统/ComputerArch2019/RISCV_CPU/RISCV_CPU.sim/sim_2/behav/xsim'
INFO: [USF-XSim-98] *** Running xsim
   with args "min_sopc_test_behav -key {Behavioral:sim_2:Functional:min_sopc_test} -tclbatch {min_sopc_test.tcl} -log {simulate.log}"
INFO: [USF-XSim-8] Loading simulator feature
Vivado Simulator 2019.2
Time resolution is 1 ps
source min_sopc_test.tcl
# set curr_wave [current_wave_config]
# if { [string length $curr_wave] == 0 } {
#   if { [llength [get_objects]] > 0} {
#     add_wave /
#     set_property needs_save false [current_wave_config]
#   } else {
#      send_msg_id Add_Wave-1 WARNING "No top level signals found. Simulator will start without a wave window. If you want to open a wave window go to 'File->New Waveform Configuration' or type 'create_wave_config' in the TCL console."
#   }
# }
# log_wave -r /
WARNING: [Simtcl 6-197] One or more HDL objects could not be logged because of object type or size limitations.  To see details please rerun the command with -verbose (-v).
# run 5000ns
$stop called at time : 2150 ns : File "C:/Users/zhang/Documents/计算机系统/ComputerArch2019/RISCV_CPU/RISCV_CPU.srcs/sources_1/new/min_sopc_test.v" Line 38
INFO: [USF-XSim-96] XSim completed. Design snapshot 'min_sopc_test_behav' loaded.
INFO: [USF-XSim-97] XSim simulation ran for 5000ns
launch_simulation: Time (s): cpu = 00:00:05 ; elapsed = 00:00:21 . Memory (MB): peak = 850.801 ; gain = 0.000
